\BOOKMARK [1][-]{section.1}{\376\377\000E\000x\000e\000c\000u\000t\000i\000v\000e\000\040\000S\000u\000m\000m\000a\000r\000y}{}% 1
\BOOKMARK [2][-]{subsection.1.1}{\376\377\000S\000c\000o\000p\000e\000\040\000d\000e\000l\000\040\000t\000e\000s\000t}{section.1}% 2
\BOOKMARK [2][-]{subsection.1.2}{\376\377\000R\000i\000s\000u\000l\000t\000a\000t\000i\000\040\000o\000t\000t\000e\000n\000u\000t\000i}{section.1}% 3
\BOOKMARK [2][-]{subsection.1.3}{\376\377\000P\000r\000o\000b\000l\000e\000m\000a\000t\000i\000c\000h\000e\000\040\000r\000i\000l\000e\000v\000a\000t\000e}{section.1}% 4
\BOOKMARK [2][-]{subsection.1.4}{\376\377\000C\000o\000n\000t\000r\000o\000m\000i\000s\000u\000r\000e}{section.1}% 5
\BOOKMARK [2][-]{subsection.1.5}{\376\377\000A\000n\000a\000l\000i\000s\000i\000\040\000d\000e\000l\000\040\000r\000i\000s\000c\000h\000i\000o}{section.1}% 6
\BOOKMARK [3][-]{subsubsection.1.5.1}{\376\377\000V\000a\000l\000u\000t\000a\000z\000i\000o\000n\000e}{subsection.1.5}% 7
\BOOKMARK [3][-]{subsubsection.1.5.2}{\376\377\000R\000i\000d\000u\000z\000i\000o\000n\000e}{subsection.1.5}% 8
\BOOKMARK [1][-]{section.2}{\376\377\000E\000n\000g\000a\000g\000e\000m\000e\000n\000t\000\040\000H\000i\000g\000h\000l\000i\000g\000h\000t\000s}{}% 9
\BOOKMARK [2][-]{subsection.2.1}{\376\377\000A\000c\000c\000o\000r\000d\000i\000\040\000p\000r\000e\000l\000i\000m\000i\000n\000a\000r\000i}{section.2}% 10
\BOOKMARK [2][-]{subsection.2.2}{\376\377\000R\000e\000q\000u\000i\000s\000i\000t\000i\000\040\000l\000e\000g\000a\000l\000i\000\040\000e\000\040\000o\000p\000e\000r\000a\000t\000i\000v\000i}{section.2}% 11
\BOOKMARK [2][-]{subsection.2.3}{\376\377\000M\000o\000d\000a\000l\000i\000t\000\340\000\040\000d\000i\000\040\000e\000s\000e\000c\000u\000z\000i\000o\000n\000e\000\040\000d\000e\000l\000\040\000P\000e\000n\000e\000t\000r\000a\000t\000i\000o\000n\000\040\000T\000e\000s\000t\000i\000n\000g}{section.2}% 12
\BOOKMARK [2][-]{subsection.2.4}{\376\377\000M\000e\000t\000o\000d\000o\000l\000o\000g\000i\000a\000\040\000a\000d\000o\000t\000t\000a\000t\000a}{section.2}% 13
\BOOKMARK [2][-]{subsection.2.5}{\376\377\000D\000a\000t\000e\000\040\000d\000i\000\040\000i\000n\000i\000z\000i\000o\000\040\000e\000\040\000f\000i\000n\000e\000\040\000a\000t\000t\000i\000v\000i\000t\000\340}{section.2}% 14
\BOOKMARK [2][-]{subsection.2.6}{\376\377\000O\000b\000i\000e\000t\000t\000i\000v\000i\000\040\000d\000e\000l\000\040\000t\000e\000s\000t}{section.2}% 15
\BOOKMARK [2][-]{subsection.2.7}{\376\377\000R\000u\000o\000l\000i\000,\000\040\000o\000b\000b\000l\000i\000g\000h\000i\000\040\000e\000\040\000r\000e\000s\000p\000o\000n\000s\000a\000b\000i\000l\000i\000t\000\340}{section.2}% 16
\BOOKMARK [1][-]{section.3}{\376\377\000V\000u\000l\000n\000e\000r\000a\000b\000i\000l\000i\000t\000y\000\040\000R\000e\000p\000o\000r\000t}{}% 17
\BOOKMARK [2][-]{subsection.3.1}{\376\377\000V\000U\000L\000N\000-\0000\0001\000:\000\040\000[\000N\000o\000m\000e\000\040\000V\000u\000l\000n\000e\000r\000a\000b\000i\000l\000i\000t\000\340\000]\000\040\000\040\0003\000p\000t\000s\000e\000v\000C\000r\000i\000t\000i\000c\000o\000C\000R\000I\000T\000I\000C\000O}{section.3}% 18
\BOOKMARK [3][-]{subsubsection.3.1.1}{\376\377\000D\000e\000s\000c\000r\000i\000z\000i\000o\000n\000e\000\040\000d\000e\000l\000l\000a\000\040\000v\000u\000l\000n\000e\000r\000a\000b\000i\000l\000i\000t\000\340}{subsection.3.1}% 19
\BOOKMARK [3][-]{subsubsection.3.1.2}{\376\377\000I\000m\000p\000a\000t\000t\000o\000\040\000s\000u\000l\000l\000a\000\040\000s\000i\000c\000u\000r\000e\000z\000z\000a}{subsection.3.1}% 20
\BOOKMARK [3][-]{subsubsection.3.1.3}{\376\377\000V\000a\000l\000u\000t\000a\000z\000i\000o\000n\000e\000\040\000e\000s\000p\000o\000s\000i\000z\000i\000o\000n\000e}{subsection.3.1}% 21
\BOOKMARK [2][-]{subsection.3.2}{\376\377\000V\000U\000L\000N\000-\0000\0002\000:\000\040\000[\000N\000o\000m\000e\000\040\000V\000u\000l\000n\000e\000r\000a\000b\000i\000l\000i\000t\000\340\000]\000\040\000\040\0003\000p\000t\000s\000e\000v\000E\000l\000e\000v\000a\000t\000o\000E\000L\000E\000V\000A\000T\000O}{section.3}% 22
\BOOKMARK [3][-]{subsubsection.3.2.1}{\376\377\000D\000e\000s\000c\000r\000i\000z\000i\000o\000n\000e\000\040\000d\000e\000l\000l\000a\000\040\000v\000u\000l\000n\000e\000r\000a\000b\000i\000l\000i\000t\000\340}{subsection.3.2}% 23
\BOOKMARK [3][-]{subsubsection.3.2.2}{\376\377\000I\000m\000p\000a\000t\000t\000o\000\040\000s\000u\000l\000l\000a\000\040\000s\000i\000c\000u\000r\000e\000z\000z\000a}{subsection.3.2}% 24
\BOOKMARK [3][-]{subsubsection.3.2.3}{\376\377\000V\000a\000l\000u\000t\000a\000z\000i\000o\000n\000e\000\040\000e\000s\000p\000o\000s\000i\000z\000i\000o\000n\000e}{subsection.3.2}% 25
\BOOKMARK [2][-]{subsection.3.3}{\376\377\000V\000U\000L\000N\000-\0000\0003\000:\000\040\000[\000N\000o\000m\000e\000\040\000V\000u\000l\000n\000e\000r\000a\000b\000i\000l\000i\000t\000\340\000]\000\040\000\040\0003\000p\000t\000s\000e\000v\000M\000e\000d\000i\000o\000M\000E\000D\000I\000O}{section.3}% 26
\BOOKMARK [3][-]{subsubsection.3.3.1}{\376\377\000D\000e\000s\000c\000r\000i\000z\000i\000o\000n\000e\000\040\000d\000e\000l\000l\000a\000\040\000v\000u\000l\000n\000e\000r\000a\000b\000i\000l\000i\000t\000\340}{subsection.3.3}% 27
\BOOKMARK [3][-]{subsubsection.3.3.2}{\376\377\000I\000m\000p\000a\000t\000t\000o\000\040\000s\000u\000l\000l\000a\000\040\000s\000i\000c\000u\000r\000e\000z\000z\000a}{subsection.3.3}% 28
\BOOKMARK [3][-]{subsubsection.3.3.3}{\376\377\000V\000a\000l\000u\000t\000a\000z\000i\000o\000n\000e\000\040\000e\000s\000p\000o\000s\000i\000z\000i\000o\000n\000e}{subsection.3.3}% 29
\BOOKMARK [1][-]{section.4}{\376\377\000R\000e\000m\000e\000d\000i\000a\000t\000i\000o\000n\000\040\000R\000e\000p\000o\000r\000t}{}% 30
\BOOKMARK [2][-]{subsection.4.1}{\376\377\000O\000b\000i\000e\000t\000t\000i\000v\000o}{section.4}% 31
\BOOKMARK [2][-]{subsection.4.2}{\376\377\000R\000a\000c\000c\000o\000m\000a\000n\000d\000a\000z\000i\000o\000n\000i\000\040\000d\000i\000\040\000s\000i\000c\000u\000r\000e\000z\000z\000a}{section.4}% 32
\BOOKMARK [3][-]{subsubsection.4.2.1}{\376\377\000V\000U\000L\000N\000-\0000\0001\000\040\040\024\000\040\000[\000N\000o\000m\000e\000\040\000V\000u\000l\000n\000e\000r\000a\000b\000i\000l\000i\000t\000\340\000]\000\040\000P\000r\000i\000o\000r\000i\000t\000\340\000:\000\040\000\040\0003\000p\000t\000s\000e\000v\000C\000r\000i\000t\000i\000c\000o\000C\000R\000I\000T\000I\000C\000O}{subsection.4.2}% 33
\BOOKMARK [3][-]{subsubsection.4.2.2}{\376\377\000V\000U\000L\000N\000-\0000\0002\000\040\040\024\000\040\000[\000N\000o\000m\000e\000\040\000V\000u\000l\000n\000e\000r\000a\000b\000i\000l\000i\000t\000\340\000]\000\040\000P\000r\000i\000o\000r\000i\000t\000\340\000:\000\040\000\040\0003\000p\000t\000s\000e\000v\000E\000l\000e\000v\000a\000t\000o\000E\000L\000E\000V\000A\000T\000O}{subsection.4.2}% 34
\BOOKMARK [3][-]{subsubsection.4.2.3}{\376\377\000V\000U\000L\000N\000-\0000\0003\000\040\040\024\000\040\000[\000N\000o\000m\000e\000\040\000V\000u\000l\000n\000e\000r\000a\000b\000i\000l\000i\000t\000\340\000]\000\040\000P\000r\000i\000o\000r\000i\000t\000\340\000:\000\040\000\040\0003\000p\000t\000s\000e\000v\000M\000e\000d\000i\000o\000M\000E\000D\000I\000O}{subsection.4.2}% 35
\BOOKMARK [1][-]{section.5}{\376\377\000F\000i\000n\000d\000i\000n\000g\000s\000\040\000S\000u\000m\000m\000a\000r\000y}{}% 36
\BOOKMARK [2][-]{subsection.5.1}{\376\377\000D\000e\000t\000t\000a\000g\000l\000i\000o\000\040\000d\000e\000i\000\040\000r\000i\000s\000u\000l\000t\000a\000t\000i}{section.5}% 37
\BOOKMARK [2][-]{subsection.5.2}{\376\377\000G\000r\000a\000f\000i\000c\000i\000\040\000e\000\040\000v\000i\000s\000u\000a\000l\000i\000z\000z\000a\000z\000i\000o\000n\000i}{section.5}% 38
\BOOKMARK [2][-]{subsection.5.3}{\376\377\000F\000o\000c\000u\000s\000\040\000t\000e\000c\000n\000i\000c\000o}{section.5}% 39
\BOOKMARK [2][-]{subsection.5.4}{\376\377\000S\000u\000p\000p\000o\000r\000t\000o\000\040\000a\000l\000l\000a\000\040\000r\000e\000m\000e\000d\000i\000a\000t\000i\000o\000n}{section.5}% 40
\BOOKMARK [1][-]{section.6}{\376\377\000D\000e\000t\000a\000i\000l\000e\000d\000\040\000S\000u\000m\000m\000a\000r\000y}{}% 41
\BOOKMARK [2][-]{subsection.6.1}{\376\377\000C\000l\000a\000s\000s\000i\000f\000i\000c\000a\000z\000i\000o\000n\000e\000\040\000d\000e\000l\000\040\000r\000i\000s\000c\000h\000i\000o}{section.6}% 42
\BOOKMARK [2][-]{subsection.6.2}{\376\377\000V\000U\000L\000N\000-\0000\0001\000:\000\040\000[\000N\000o\000m\000e\000\040\000V\000u\000l\000n\000e\000r\000a\000b\000i\000l\000i\000t\000\340\000]\000\040\000\040\0003\000p\000t\000s\000e\000v\000C\000r\000i\000t\000i\000c\000o\000C\000R\000I\000T\000I\000C\000O}{section.6}% 43
\BOOKMARK [2][-]{subsection.6.3}{\376\377\000V\000U\000L\000N\000-\0000\0002\000:\000\040\000[\000N\000o\000m\000e\000\040\000V\000u\000l\000n\000e\000r\000a\000b\000i\000l\000i\000t\000\340\000]\000\040\000\040\0003\000p\000t\000s\000e\000v\000E\000l\000e\000v\000a\000t\000o\000E\000L\000E\000V\000A\000T\000O}{section.6}% 44
\BOOKMARK [2][-]{subsection.6.4}{\376\377\000V\000U\000L\000N\000-\0000\0003\000:\000\040\000[\000N\000o\000m\000e\000\040\000V\000u\000l\000n\000e\000r\000a\000b\000i\000l\000i\000t\000\340\000]\000\040\000\040\0003\000p\000t\000s\000e\000v\000M\000e\000d\000i\000o\000M\000E\000D\000I\000O}{section.6}% 45
\BOOKMARK [1][-]{section.7}{\376\377\000R\000e\000f\000e\000r\000e\000n\000c\000e\000s}{}% 46
\BOOKMARK [1][-]{section.8}{\376\377\000A\000p\000p\000e\000n\000d\000i\000x}{}% 47
