\BOOKMARK [0][-]{chapter.1}{\376\377\000E\000x\000e\000c\000u\000t\000i\000v\000e\000\040\000S\000u\000m\000m\000a\000r\000y}{}% 1
\BOOKMARK [1][-]{section.1.1}{\376\377\000S\000c\000o\000p\000e\000\040\000d\000e\000l\000\040\000t\000e\000s\000t}{chapter.1}% 2
\BOOKMARK [1][-]{section.1.2}{\376\377\000R\000i\000s\000u\000l\000t\000a\000t\000i\000\040\000o\000t\000t\000e\000n\000u\000t\000i}{chapter.1}% 3
\BOOKMARK [1][-]{section.1.3}{\376\377\000P\000r\000o\000b\000l\000e\000m\000a\000t\000i\000c\000h\000e\000\040\000r\000i\000l\000e\000v\000a\000t\000e}{chapter.1}% 4
\BOOKMARK [1][-]{section.1.4}{\376\377\000C\000o\000n\000t\000r\000o\000m\000i\000s\000u\000r\000e}{chapter.1}% 5
\BOOKMARK [1][-]{section.1.5}{\376\377\000A\000n\000a\000l\000i\000s\000i\000\040\000d\000e\000l\000\040\000r\000i\000s\000c\000h\000i\000o}{chapter.1}% 6
\BOOKMARK [2][-]{subsection.1.5.1}{\376\377\000V\000a\000l\000u\000t\000a\000z\000i\000o\000n\000e}{section.1.5}% 7
\BOOKMARK [2][-]{subsection.1.5.2}{\376\377\000R\000i\000d\000u\000z\000i\000o\000n\000e}{section.1.5}% 8
\BOOKMARK [0][-]{chapter.2}{\376\377\000E\000n\000g\000a\000g\000e\000m\000e\000n\000t\000\040\000H\000i\000g\000h\000l\000i\000g\000h\000t\000s}{}% 9
\BOOKMARK [1][-]{section.2.1}{\376\377\000A\000c\000c\000o\000r\000d\000i\000\040\000p\000r\000e\000l\000i\000m\000i\000n\000a\000r\000i}{chapter.2}% 10
\BOOKMARK [1][-]{section.2.2}{\376\377\000R\000e\000q\000u\000i\000s\000i\000t\000i\000\040\000l\000e\000g\000a\000l\000i\000\040\000e\000\040\000o\000p\000e\000r\000a\000t\000i\000v\000i}{chapter.2}% 11
\BOOKMARK [1][-]{section.2.3}{\376\377\000M\000o\000d\000a\000l\000i\000t\000\340\000\040\000d\000i\000\040\000e\000s\000e\000c\000u\000z\000i\000o\000n\000e\000\040\000d\000e\000l\000\040\000P\000e\000n\000e\000t\000r\000a\000t\000i\000o\000n\000\040\000T\000e\000s\000t\000i\000n\000g}{chapter.2}% 12
\BOOKMARK [1][-]{section.2.4}{\376\377\000M\000e\000t\000o\000d\000o\000l\000o\000g\000i\000a\000\040\000a\000d\000o\000t\000t\000a\000t\000a}{chapter.2}% 13
\BOOKMARK [1][-]{section.2.5}{\376\377\000D\000a\000t\000e\000\040\000d\000i\000\040\000i\000n\000i\000z\000i\000o\000\040\000e\000\040\000f\000i\000n\000e\000\040\000a\000t\000t\000i\000v\000i\000t\000\340}{chapter.2}% 14
\BOOKMARK [1][-]{section.2.6}{\376\377\000O\000b\000i\000e\000t\000t\000i\000v\000i\000\040\000d\000e\000l\000\040\000t\000e\000s\000t}{chapter.2}% 15
\BOOKMARK [1][-]{section.2.7}{\376\377\000R\000u\000o\000l\000i\000,\000\040\000o\000b\000b\000l\000i\000g\000h\000i\000\040\000e\000\040\000r\000e\000s\000p\000o\000n\000s\000a\000b\000i\000l\000i\000t\000\340}{chapter.2}% 16
\BOOKMARK [0][-]{chapter.3}{\376\377\000V\000u\000l\000n\000e\000r\000a\000b\000i\000l\000i\000t\000y\000\040\000R\000e\000p\000o\000r\000t}{}% 17
\BOOKMARK [1][-]{section.3.1}{\376\377\000C\000o\000m\000m\000a\000n\000d\000\040\000I\000n\000j\000e\000c\000t\000i\000o\000n\000\040\000-\000\040\000C\000R\000I\000T\000I\000C\000A\000L}{chapter.3}% 18
\BOOKMARK [2][-]{subsection.3.1.1}{\376\377\000D\000e\000s\000c\000r\000i\000z\000i\000o\000n\000e\000\040\000d\000e\000l\000l\000a\000\040\000v\000u\000l\000n\000e\000r\000a\000b\000i\000l\000i\000t\000\340}{section.3.1}% 19
\BOOKMARK [2][-]{subsection.3.1.2}{\376\377\000I\000m\000p\000a\000t\000t\000o\000\040\000s\000u\000l\000l\000a\000\040\000s\000i\000c\000u\000r\000e\000z\000z\000a}{section.3.1}% 20
\BOOKMARK [2][-]{subsection.3.1.3}{\376\377\000V\000a\000l\000u\000t\000a\000z\000i\000o\000n\000e\000\040\000e\000s\000p\000o\000s\000i\000z\000i\000o\000n\000e}{section.3.1}% 21
\BOOKMARK [1][-]{section.3.2}{\376\377\000L\000o\000c\000a\000l\000\040\000P\000r\000i\000v\000i\000l\000e\000g\000e\000\040\000E\000s\000c\000a\000l\000a\000t\000i\000o\000n\000\040\000-\000\040\000C\000R\000I\000T\000I\000C\000A\000L}{chapter.3}% 22
\BOOKMARK [2][-]{subsection.3.2.1}{\376\377\000D\000e\000s\000c\000r\000i\000z\000i\000o\000n\000e\000\040\000d\000e\000l\000l\000a\000\040\000v\000u\000l\000n\000e\000r\000a\000b\000i\000l\000i\000t\000\340}{section.3.2}% 23
\BOOKMARK [2][-]{subsection.3.2.2}{\376\377\000I\000m\000p\000a\000t\000t\000o\000\040\000s\000u\000l\000l\000a\000\040\000s\000i\000c\000u\000r\000e\000z\000z\000a}{section.3.2}% 24
\BOOKMARK [2][-]{subsection.3.2.3}{\376\377\000V\000a\000l\000u\000t\000a\000z\000i\000o\000n\000e\000\040\000e\000s\000p\000o\000s\000i\000z\000i\000o\000n\000e}{section.3.2}% 25
\BOOKMARK [1][-]{section.3.3}{\376\377\000C\000U\000P\000S\000\040\000-\000\040\000H\000I\000G\000H}{chapter.3}% 26
\BOOKMARK [2][-]{subsection.3.3.1}{\376\377\000D\000e\000s\000c\000r\000i\000z\000i\000o\000n\000e\000\040\000d\000e\000l\000l\000a\000\040\000v\000u\000l\000n\000e\000r\000a\000b\000i\000l\000i\000t\000\340}{section.3.3}% 27
\BOOKMARK [2][-]{subsection.3.3.2}{\376\377\000I\000m\000p\000a\000t\000t\000o\000\040\000s\000u\000l\000l\000a\000\040\000s\000i\000c\000u\000r\000e\000z\000z\000a}{section.3.3}% 28
\BOOKMARK [2][-]{subsection.3.3.3}{\376\377\000V\000a\000l\000u\000t\000a\000z\000i\000o\000n\000e\000\040\000e\000s\000p\000o\000s\000i\000z\000i\000o\000n\000e}{section.3.3}% 29
\BOOKMARK [1][-]{section.3.4}{\376\377\000S\000e\000c\000u\000r\000i\000t\000y\000\040\000M\000i\000s\000c\000o\000n\000f\000i\000g\000u\000r\000a\000t\000i\000o\000n\000\040\000-\000\040\000M\000E\000D\000I\000U\000M}{chapter.3}% 30
\BOOKMARK [2][-]{subsection.3.4.1}{\376\377\000D\000e\000s\000c\000r\000i\000z\000i\000o\000n\000e\000\040\000d\000e\000l\000l\000a\000\040\000v\000u\000l\000n\000e\000r\000a\000b\000i\000l\000i\000t\000\340}{section.3.4}% 31
\BOOKMARK [2][-]{subsection.3.4.2}{\376\377\000I\000m\000p\000a\000t\000t\000o\000\040\000s\000u\000l\000l\000a\000\040\000s\000i\000c\000u\000r\000e\000z\000z\000a}{section.3.4}% 32
\BOOKMARK [2][-]{subsection.3.4.3}{\376\377\000V\000a\000l\000u\000t\000a\000z\000i\000o\000n\000e\000\040\000e\000s\000p\000o\000s\000i\000z\000i\000o\000n\000e}{section.3.4}% 33
\BOOKMARK [1][-]{section.3.5}{\376\377\000S\000e\000n\000s\000i\000t\000i\000v\000e\000\040\000D\000a\000t\000a\000\040\000E\000x\000p\000o\000s\000u\000r\000e\000\040\000-\000\040\000M\000E\000D\000I\000U\000M}{chapter.3}% 34
\BOOKMARK [2][-]{subsection.3.5.1}{\376\377\000I\000m\000p\000a\000t\000t\000o\000\040\000s\000u\000l\000l\000a\000\040\000s\000i\000c\000u\000r\000e\000z\000z\000a}{section.3.5}% 35
\BOOKMARK [2][-]{subsection.3.5.2}{\376\377\000V\000a\000l\000u\000t\000a\000z\000i\000o\000n\000e\000\040\000e\000s\000p\000o\000s\000i\000z\000i\000o\000n\000e}{section.3.5}% 36
\BOOKMARK [1][-]{section.3.6}{\376\377\000I\000n\000f\000o\000r\000m\000a\000t\000i\000o\000n\000\040\000D\000i\000s\000c\000l\000o\000s\000u\000r\000e\000\040\000-\000\040\000L\000O\000W}{chapter.3}% 37
\BOOKMARK [2][-]{subsection.3.6.1}{\376\377\000D\000e\000s\000c\000r\000i\000z\000i\000o\000n\000e\000\040\000d\000e\000l\000l\000a\000\040\000v\000u\000l\000n\000e\000r\000a\000b\000i\000l\000i\000t\000\340}{section.3.6}% 38
\BOOKMARK [2][-]{subsection.3.6.2}{\376\377\000I\000m\000p\000a\000t\000t\000o\000\040\000s\000u\000l\000l\000a\000\040\000s\000i\000c\000u\000r\000e\000z\000z\000a}{section.3.6}% 39
\BOOKMARK [2][-]{subsection.3.6.3}{\376\377\000V\000a\000l\000u\000t\000a\000z\000i\000o\000n\000e\000\040\000e\000s\000p\000o\000s\000i\000z\000i\000o\000n\000e}{section.3.6}% 40
\BOOKMARK [0][-]{chapter.4}{\376\377\000R\000e\000m\000e\000d\000i\000a\000t\000i\000o\000n\000\040\000R\000e\000p\000o\000r\000t}{}% 41
\BOOKMARK [1][-]{section.4.1}{\376\377\000O\000b\000i\000e\000t\000t\000i\000v\000o}{chapter.4}% 42
\BOOKMARK [1][-]{section.4.2}{\376\377\000R\000a\000c\000c\000o\000m\000a\000n\000d\000a\000z\000i\000o\000n\000i\000\040\000d\000i\000\040\000s\000i\000c\000u\000r\000e\000z\000z\000a}{chapter.4}% 43
\BOOKMARK [2][-]{subsection.4.2.1}{\376\377\000V\000U\000L\000N\000-\0000\0001\000:\000\040\000C\000o\000m\000m\000a\000n\000d\000\040\000I\000n\000j\000e\000c\000t\000i\000o\000n}{section.4.2}% 44
\BOOKMARK [2][-]{subsection.4.2.2}{\376\377\000V\000U\000L\000N\000-\0000\0002\000:\000\040\000L\000o\000c\000a\000l\000\040\000P\000r\000i\000v\000i\000l\000e\000g\000e\000\040\000E\000s\000c\000a\000l\000a\000t\000i\000o\000n}{section.4.2}% 45
\BOOKMARK [2][-]{subsection.4.2.3}{\376\377\000V\000U\000L\000N\000-\0000\0003\000:\000\040\000C\000U\000P\000S\000\040\000V\000u\000l\000n\000e\000r\000a\000b\000i\000l\000i\000t\000y}{section.4.2}% 46
\BOOKMARK [2][-]{subsection.4.2.4}{\376\377\000V\000U\000L\000N\000-\0000\0004\000:\000\040\000S\000e\000c\000u\000r\000i\000t\000y\000\040\000M\000i\000s\000c\000o\000n\000f\000i\000g\000u\000r\000a\000t\000i\000o\000n}{section.4.2}% 47
\BOOKMARK [2][-]{subsection.4.2.5}{\376\377\000V\000U\000L\000N\000-\0000\0005\000:\000\040\000S\000e\000n\000s\000i\000t\000i\000v\000e\000\040\000D\000a\000t\000a\000\040\000E\000x\000p\000o\000s\000u\000r\000e}{section.4.2}% 48
\BOOKMARK [2][-]{subsection.4.2.6}{\376\377\000V\000U\000L\000N\000-\0000\0006\000:\000\040\000I\000n\000f\000o\000r\000m\000a\000t\000i\000o\000n\000\040\000D\000i\000s\000c\000l\000o\000s\000u\000r\000e}{section.4.2}% 49
\BOOKMARK [0][-]{chapter.5}{\376\377\000F\000i\000n\000d\000i\000n\000g\000s\000\040\000S\000u\000m\000m\000a\000r\000y}{}% 50
\BOOKMARK [1][-]{section.5.1}{\376\377\000C\000o\000n\000v\000e\000n\000z\000i\000o\000n\000i\000\040\000e\000\040\000c\000a\000t\000a\000l\000o\000g\000a\000z\000i\000o\000n\000e}{chapter.5}% 51
\BOOKMARK [1][-]{section.5.2}{\376\377\000D\000e\000t\000t\000a\000g\000l\000i\000o\000\040\000d\000e\000i\000\040\000r\000i\000s\000u\000l\000t\000a\000t\000i}{chapter.5}% 52
\BOOKMARK [1][-]{section.5.3}{\376\377\000G\000r\000a\000f\000i\000c\000i\000\040\000e\000\040\000v\000i\000s\000u\000a\000l\000i\000z\000z\000a\000z\000i\000o\000n\000i}{chapter.5}% 53
\BOOKMARK [1][-]{section.5.4}{\376\377\000F\000o\000c\000u\000s\000\040\000t\000e\000c\000n\000i\000c\000o}{chapter.5}% 54
\BOOKMARK [1][-]{section.5.5}{\376\377\000S\000u\000p\000p\000o\000r\000t\000o\000\040\000a\000l\000l\000a\000\040\000r\000e\000m\000e\000d\000i\000a\000t\000i\000o\000n}{chapter.5}% 55
\BOOKMARK [0][-]{chapter.6}{\376\377\000D\000e\000t\000a\000i\000l\000e\000d\000\040\000S\000u\000m\000m\000a\000r\000y}{}% 56
\BOOKMARK [1][-]{section.6.1}{\376\377\000C\000l\000a\000s\000s\000i\000f\000i\000c\000a\000z\000i\000o\000n\000e\000\040\000d\000e\000l\000\040\000r\000i\000s\000c\000h\000i\000o}{chapter.6}% 57
\BOOKMARK [1][-]{section.6.2}{\376\377\000C\000o\000m\000m\000a\000n\000d\000\040\000I\000n\000j\000e\000c\000t\000i\000o\000n}{chapter.6}% 58
\BOOKMARK [1][-]{section.6.3}{\376\377\000L\000o\000c\000a\000l\000\040\000P\000r\000i\000v\000i\000l\000e\000g\000e\000\040\000E\000s\000c\000a\000l\000a\000t\000i\000o\000n}{chapter.6}% 59
\BOOKMARK [1][-]{section.6.4}{\376\377\000C\000U\000P\000S\000\040\000V\000u\000l\000n\000e\000r\000a\000b\000i\000l\000i\000t\000y}{chapter.6}% 60
\BOOKMARK [1][-]{section.6.5}{\376\377\000S\000e\000c\000u\000r\000i\000t\000y\000\040\000M\000i\000s\000c\000o\000n\000f\000i\000g\000u\000r\000a\000t\000i\000o\000n}{chapter.6}% 61
\BOOKMARK [1][-]{section.6.6}{\376\377\000S\000e\000n\000s\000i\000t\000i\000v\000e\000\040\000D\000a\000t\000a\000\040\000E\000x\000p\000o\000s\000u\000r\000e}{chapter.6}% 62
\BOOKMARK [1][-]{section.6.7}{\376\377\000I\000n\000f\000o\000r\000m\000a\000t\000i\000o\000n\000\040\000D\000i\000s\000c\000l\000o\000s\000u\000r\000e}{chapter.6}% 63
\BOOKMARK [0][-]{chapter.7}{\376\377\000B\000i\000b\000l\000i\000o\000g\000r\000a\000f\000i\000a}{}% 64
