\BOOKMARK [0][-]{chapter.1}{\376\377\000I\000n\000t\000r\000o\000d\000u\000z\000i\000o\000n\000e}{}% 1
\BOOKMARK [0][-]{chapter.2}{\376\377\000F\000a\000s\000i\000\040\000F\000G\000P\000T}{}% 2
\BOOKMARK [1][-]{section.2.1}{\376\377\000T\000a\000r\000g\000e\000t\000\040\000S\000c\000o\000p\000i\000n\000g}{chapter.2}% 3
\BOOKMARK [1][-]{section.2.2}{\376\377\000O\000S\000I\000N\000T\000\040\000\046\000\040\000P\000r\000e\000-\000E\000n\000g\000a\000g\000e\000m\000e\000n\000t\000\040\000I\000n\000t\000e\000l\000l\000i\000g\000e\000n\000c\000e}{chapter.2}% 4
\BOOKMARK [1][-]{section.2.3}{\376\377\000T\000a\000r\000g\000e\000t\000\040\000D\000i\000s\000c\000o\000v\000e\000r\000y}{chapter.2}% 5
\BOOKMARK [1][-]{section.2.4}{\376\377\000T\000a\000r\000g\000e\000t\000\040\000E\000n\000u\000m\000e\000r\000a\000t\000i\000o\000n}{chapter.2}% 6
\BOOKMARK [2][-]{subsection.2.4.1}{\376\377\000O\000S\000\040\000F\000i\000n\000g\000e\000r\000p\000r\000i\000n\000t\000i\000n\000g}{section.2.4}% 7
\BOOKMARK [2][-]{subsection.2.4.2}{\376\377\000S\000e\000r\000v\000i\000c\000e\000s\000\040\000E\000n\000u\000m\000e\000r\000a\000t\000i\000o\000n}{section.2.4}% 8
\BOOKMARK [2][-]{subsection.2.4.3}{\376\377\000W\000e\000b\000\040\000D\000i\000r\000e\000c\000t\000o\000r\000y\000\040\000E\000n\000u\000m\000e\000r\000a\000t\000i\000o\000n\000\040\000\050\000G\000o\000b\000u\000s\000t\000e\000r\000\040\000\046\000\040\000O\000W\000A\000S\000P\000\040\000D\000i\000r\000B\000u\000s\000t\000e\000r\000\051}{section.2.4}% 9
\BOOKMARK [1][-]{section.2.5}{\376\377\000V\000u\000l\000n\000e\000r\000a\000b\000i\000l\000i\000t\000y\000\040\000A\000s\000s\000e\000s\000s\000m\000e\000n\000t}{chapter.2}% 10
\BOOKMARK [2][-]{subsection.2.5.1}{\376\377\000I\000n\000f\000o\000r\000m\000a\000t\000i\000o\000n\000\040\000D\000i\000s\000c\000l\000o\000s\000u\000r\000e\000\040\000e\000\040\000S\000t\000e\000g\000a\000n\000o\000g\000r\000a\000f\000i\000a\000\040\000\050\000/\000a\000d\000m\000i\000n\000\051}{section.2.5}% 11
\BOOKMARK [2][-]{subsection.2.5.2}{\376\377\000W\000e\000b\000\040\000S\000e\000c\000u\000r\000i\000t\000y\000\040\000M\000i\000s\000c\000o\000n\000f\000i\000g\000u\000r\000a\000t\000i\000o\000n\000s}{section.2.5}% 12
\BOOKMARK [2][-]{subsection.2.5.3}{\376\377\000A\000n\000a\000l\000i\000s\000i\000\040\000S\000e\000r\000v\000i\000z\000i\000o\000\040\000d\000i\000\040\000S\000t\000a\000m\000p\000a\000\040\000\050\000C\000U\000P\000S\000\040\000s\000u\000\040\000p\000o\000r\000t\000a\000\040\0006\0003\0001\000\051}{section.2.5}% 13
\BOOKMARK [2][-]{subsection.2.5.4}{\376\377\000I\000d\000e\000n\000t\000i\000f\000i\000c\000a\000z\000i\000o\000n\000e\000\040\000V\000e\000t\000t\000o\000r\000e\000\040\000d\000'\000A\000t\000t\000a\000c\000c\000o\000\040\000P\000r\000i\000n\000c\000i\000p\000a\000l\000e\000\040\000\050\000/\000s\000u\000p\000e\000r\000a\000d\000m\000i\000n\000.\000p\000h\000p\000\051}{section.2.5}% 14
\BOOKMARK [1][-]{section.2.6}{\376\377\000T\000a\000r\000g\000e\000t\000\040\000E\000x\000p\000l\000o\000i\000t\000a\000t\000i\000o\000n}{chapter.2}% 15
\BOOKMARK [2][-]{subsection.2.6.1}{\376\377\000M\000i\000s\000s\000i\000n\000g\000\040\000A\000n\000t\000i\000-\000C\000l\000i\000c\000k\000j\000a\000c\000k\000i\000n\000g\000\040\000\050\000U\000I\000\040\000R\000e\000d\000r\000e\000s\000s\000i\000n\000g\000\040\000P\000o\000C\000\051}{section.2.6}% 16
\BOOKMARK [2][-]{subsection.2.6.2}{\376\377\000C\000U\000P\000S\000\040\000R\000e\000m\000o\000t\000e\000\040\000R\000e\000g\000i\000s\000t\000r\000a\000t\000i\000o\000n\000\040\000\050\000C\000V\000E\000-\0002\0000\0002\0004\000-\0004\0007\0001\0007\0006\000\051}{section.2.6}% 17
\BOOKMARK [2][-]{subsection.2.6.3}{\376\377\000W\000e\000b\000\040\000R\000e\000m\000o\000t\000e\000\040\000C\000o\000d\000e\000\040\000E\000x\000e\000c\000u\000t\000i\000o\000n\000\040\000\050\000/\000s\000u\000p\000e\000r\000a\000d\000m\000i\000n\000.\000p\000h\000p\000\051}{section.2.6}% 18
\BOOKMARK [1][-]{section.2.7}{\376\377\000P\000r\000i\000v\000i\000l\000e\000g\000e\000\040\000E\000s\000c\000a\000l\000a\000t\000i\000o\000n}{chapter.2}% 19
\BOOKMARK [2][-]{subsection.2.7.1}{\376\377\000U\000s\000e\000r\000\040\000P\000i\000v\000o\000t\000i\000n\000g\000\040\000\050\000d\000a\000\040\000w\000w\000w\000-\000d\000a\000t\000a\000\040\000a\000\040\000h\000a\000c\000l\000a\000b\000s\000\051}{section.2.7}% 20
\BOOKMARK [2][-]{subsection.2.7.2}{\376\377\000V\000e\000r\000t\000i\000c\000a\000l\000\040\000P\000r\000i\000v\000i\000l\000e\000g\000e\000\040\000E\000s\000c\000a\000l\000a\000t\000i\000o\000n\000\040\000\050\000d\000a\000\040\000h\000a\000c\000l\000a\000b\000s\000\040\000a\000\040\000r\000o\000o\000t\000\051}{section.2.7}% 21
\BOOKMARK [1][-]{section.2.8}{\376\377\000M\000a\000i\000n\000t\000a\000i\000n\000i\000n\000g\000\040\000A\000c\000c\000e\000s\000s}{chapter.2}% 22
\BOOKMARK [0][-]{chapter.3}{\376\377\000C\000o\000n\000c\000l\000u\000s\000i\000o\000n\000i}{}% 23
\BOOKMARK [0][-]{chapter.3}{\376\377\000B\000i\000b\000l\000i\000o\000g\000r\000a\000f\000i\000a}{}% 24
