This is pdfTeX, Version 3.141592653-2.6-1.40.29 (TeX Live 2026) (preloaded format=pdflatex 2026.6.11)  15 JUN 2026 00:26
entering extended mode
 \write18 enabled.
 %&-line parsing enabled.
**MetodologiePT.tex
(./MetodologiePT.tex
LaTeX2e <2025-11-01>
L3 programming layer <2026-03-20>
(/usr/share/texlive/texmf-dist/tex/latex/base/report.cls
Document Class: report 2025/01/22 v1.4n Standard LaTeX document class
(/usr/share/texlive/texmf-dist/tex/latex/base/size11.clo
File: size11.clo 2025/01/22 v1.4n Standard LaTeX file (size option)
)
\c@part=\count275
\c@chapter=\count276
\c@section=\count277
\c@subsection=\count278
\c@subsubsection=\count279
\c@paragraph=\count280
\c@subparagraph=\count281
\c@figure=\count282
\c@table=\count283
\abovecaptionskip=\skip49
\belowcaptionskip=\skip50
\bibindent=\dimen150
)
(/usr/share/texlive/texmf-dist/tex/latex/geometry/geometry.sty
Package: geometry 2026/03/07 v6.0 Page Geometry

(/usr/share/texlive/texmf-dist/tex/latex/graphics/keyval.sty
Package: keyval 2022/05/29 v1.15 key=value parser (DPC)
\KV@toks@=\toks17
)
(/usr/share/texlive/texmf-dist/tex/generic/iftex/ifvtex.sty
Package: ifvtex 2019/10/25 v1.7 ifvtex legacy package. Use iftex instead.

(/usr/share/texlive/texmf-dist/tex/generic/iftex/iftex.sty
Package: iftex 2024/12/12 v1.0g TeX engine tests
))
\Gm@cnth=\count284
\Gm@cntv=\count285
\c@Gm@tempcnt=\count286
\Gm@bindingoffset=\dimen151
\Gm@wd@mp=\dimen152
\Gm@odd@mp=\dimen153
\Gm@even@mp=\dimen154
\Gm@layoutwidth=\dimen155
\Gm@layoutheight=\dimen156
\Gm@layouthoffset=\dimen157
\Gm@layoutvoffset=\dimen158
\Gm@dimlist=\toks18
)
(/usr/share/texlive/texmf-dist/tex/latex/graphics/graphicx.sty
Package: graphicx 2024/12/31 v1.2e Enhanced LaTeX Graphics (DPC,SPQR)

(/usr/share/texlive/texmf-dist/tex/latex/graphics/graphics.sty
Package: graphics 2024/08/06 v1.4g Standard LaTeX Graphics (DPC,SPQR)

(/usr/share/texlive/texmf-dist/tex/latex/graphics/trig.sty
Package: trig 2023/12/02 v1.11 sin cos tan (DPC)
)
(/usr/share/texlive/texmf-dist/tex/latex/graphics-cfg/graphics.cfg
File: graphics.cfg 2016/06/04 v1.11 sample graphics configuration
)
Package graphics Info: Driver file: pdftex.def on input line 106.

(/usr/share/texlive/texmf-dist/tex/latex/graphics-def/pdftex.def
File: pdftex.def 2025/09/29 v1.2d Graphics/color driver for pdftex
))
\Gin@req@height=\dimen159
\Gin@req@width=\dimen160
)
(/usr/share/texlive/texmf-dist/tex/latex/svg/svg.sty
Package: svg 2020/11/26 v2.02k (include SVG pictures)

(/usr/share/texlive/texmf-dist/tex/latex/koma-script/scrbase.sty
Package: scrbase 2026/02/02 v3.49.2 KOMA-Script package (KOMA-Script-independen
t basics and keyval usage)

(/usr/share/texlive/texmf-dist/tex/latex/koma-script/scrlfile.sty
Package: scrlfile 2026/02/02 v3.49.2 KOMA-Script package (file load hooks)

(/usr/share/texlive/texmf-dist/tex/latex/koma-script/scrlfile-hook.sty
Package: scrlfile-hook 2026/02/02 v3.49.2 KOMA-Script package (using LaTeX hook
s)

(/usr/share/texlive/texmf-dist/tex/latex/koma-script/scrlogo.sty
Package: scrlogo 2026/02/02 v3.49.2 KOMA-Script package (logo)
)))
Applying: [2021/05/01] Usage of raw or classic option list on input line 254.
Already applied: [0000/00/00] Usage of raw or classic option list on input line
 370.
)
(/usr/share/texlive/texmf-dist/tex/generic/pdftexcmds/pdftexcmds.sty
Package: pdftexcmds 2020-06-27 v0.33 Utility functions of pdfTeX for LuaTeX (HO
)

(/usr/share/texlive/texmf-dist/tex/generic/infwarerr/infwarerr.sty
Package: infwarerr 2019/12/03 v1.5 Providing info/warning/error messages (HO)
)
(/usr/share/texlive/texmf-dist/tex/generic/ltxcmds/ltxcmds.sty
Package: ltxcmds 2023-12-04 v1.26 LaTeX kernel commands for general use (HO)
)
Package pdftexcmds Info: \pdf@primitive is available.
Package pdftexcmds Info: \pdf@ifprimitive is available.
Package pdftexcmds Info: \pdfdraftmode found.
)
(/usr/share/texlive/texmf-dist/tex/latex/trimspaces/trimspaces.sty
Package: trimspaces 2009/09/17 v1.1 Trim spaces around a token list
)
(/usr/share/texlive/texmf-dist/tex/latex/tools/shellesc.sty
Package: shellesc 2023/07/08 v1.0d unified shell escape interface for LaTeX
Package shellesc Info: Unrestricted shell escape enabled on input line 75.
)
(/usr/share/texlive/texmf-dist/tex/latex/ifplatform/ifplatform.sty
Package: ifplatform 2017/10/13 v0.4a Testing for the operating system

(/usr/share/texlive/texmf-dist/tex/generic/catchfile/catchfile.sty
Package: catchfile 2019/12/09 v1.8 Catch the contents of a file (HO)

(/usr/share/texlive/texmf-dist/tex/generic/etexcmds/etexcmds.sty
Package: etexcmds 2019/12/15 v1.7 Avoid name clashes with e-TeX commands (HO)
))
(/usr/share/texlive/texmf-dist/tex/generic/iftex/ifluatex.sty
Package: ifluatex 2019/10/25 v1.5 ifluatex legacy package. Use iftex instead.
)
runsystem(uname -s > "MetodologiePT.w18")...executed.


(./MetodologiePT.w18)
runsystem(rm -- "MetodologiePT.w18")...executed.

)
\c@svg@param@lastpage=\count287
\svg@box=\box53
\c@svg@param@currpage=\count288
)
(/usr/share/texlive/texmf-dist/tex/latex/xcolor/xcolor.sty
Package: xcolor 2024/09/29 v3.02 LaTeX color extensions (UK)

(/usr/share/texlive/texmf-dist/tex/latex/graphics-cfg/color.cfg
File: color.cfg 2016/01/02 v1.6 sample color configuration
)
Package xcolor Info: Driver file: pdftex.def on input line 274.

(/usr/share/texlive/texmf-dist/tex/latex/graphics/mathcolor.ltx)
Package xcolor Info: Model `cmy' substituted by `cmy0' on input line 1349.
Package xcolor Info: Model `hsb' substituted by `rgb' on input line 1353.
Package xcolor Info: Model `RGB' extended on input line 1365.
Package xcolor Info: Model `HTML' substituted by `rgb' on input line 1367.
Package xcolor Info: Model `Hsb' substituted by `hsb' on input line 1368.
Package xcolor Info: Model `tHsb' substituted by `hsb' on input line 1369.
Package xcolor Info: Model `HSB' substituted by `hsb' on input line 1370.
Package xcolor Info: Model `Gray' substituted by `gray' on input line 1371.
Package xcolor Info: Model `wave' substituted by `hsb' on input line 1372.
)
(/usr/share/texlive/texmf-dist/tex/latex/transparent/transparent.sty
Package: transparent 2025-06-23 v1.6 Transparency with color stacks

(/usr/share/texlive/texmf-dist/tex/latex/transparent/transparent-nometadata.sty
Package: transparent-nometadata 2025-06-23 v1.6 Transparency via pdfTeX's color
 stack (HO)
(/usr/share/texlive/texmf-dist/tex/latex/auxhook/auxhook.sty
Package: auxhook 2019-12-17 v1.6 Hooks for auxiliary files (HO)
)))
(/usr/share/texlive/texmf-dist/tex/latex/pgf/systemlayer/pgfsys.sty
(/usr/share/texlive/texmf-dist/tex/latex/pgf/utilities/pgfrcs.sty
(/usr/share/texlive/texmf-dist/tex/generic/pgf/utilities/pgfutil-common.tex
\pgfutil@everybye=\toks19
\pgfutil@tempdima=\dimen161
\pgfutil@tempdimb=\dimen162
)
(/usr/share/texlive/texmf-dist/tex/generic/pgf/utilities/pgfutil-latex.def
\pgfutil@abb=\box54
)
(/usr/share/texlive/texmf-dist/tex/generic/pgf/utilities/pgfrcs.code.tex
(/usr/share/texlive/texmf-dist/tex/generic/pgf/pgf.revision.tex)
Package: pgfrcs 2025-08-29 v3.1.11a (3.1.11a)
))
(/usr/share/texlive/texmf-dist/tex/generic/pgf/systemlayer/pgfsys.code.tex
Package: pgfsys 2025-08-29 v3.1.11a (3.1.11a)

(/usr/share/texlive/texmf-dist/tex/generic/pgf/utilities/pgfkeys.code.tex
\pgfkeys@pathtoks=\toks20
\pgfkeys@temptoks=\toks21

(/usr/share/texlive/texmf-dist/tex/generic/pgf/utilities/pgfkeyslibraryfiltered
.code.tex
\pgfkeys@tmptoks=\toks22
))
\pgf@x=\dimen163
\pgf@y=\dimen164
\pgf@xa=\dimen165
\pgf@ya=\dimen166
\pgf@xb=\dimen167
\pgf@yb=\dimen168
\pgf@xc=\dimen169
\pgf@yc=\dimen170
\pgf@xd=\dimen171
\pgf@yd=\dimen172
\w@pgf@writea=\write3
\r@pgf@reada=\read2
\c@pgf@counta=\count289
\c@pgf@countb=\count290
\c@pgf@countc=\count291
\c@pgf@countd=\count292
\t@pgf@toka=\toks23
\t@pgf@tokb=\toks24
\t@pgf@tokc=\toks25
\pgf@sys@id@count=\count293
 (/usr/share/texlive/texmf-dist/tex/generic/pgf/systemlayer/pgf.cfg
File: pgf.cfg 2025-08-29 v3.1.11a (3.1.11a)
)
Driver file for pgf: pgfsys-pdftex.def
(/usr/share/texlive/texmf-dist/tex/generic/pgf/systemlayer/pgfsys-pdftex.def
File: pgfsys-pdftex.def 2025-08-29 v3.1.11a (3.1.11a)

(/usr/share/texlive/texmf-dist/tex/generic/pgf/systemlayer/pgfsys-common-pdf.de
f
File: pgfsys-common-pdf.def 2025-08-29 v3.1.11a (3.1.11a)
)))
(/usr/share/texlive/texmf-dist/tex/generic/pgf/systemlayer/pgfsyssoftpath.code.
tex
File: pgfsyssoftpath.code.tex 2025-08-29 v3.1.11a (3.1.11a)
\pgfsyssoftpath@smallbuffer@items=\count294
\pgfsyssoftpath@bigbuffer@items=\count295
)
(/usr/share/texlive/texmf-dist/tex/generic/pgf/systemlayer/pgfsysprotocol.code.
tex
File: pgfsysprotocol.code.tex 2025-08-29 v3.1.11a (3.1.11a)
)) (/usr/share/texlive/texmf-dist/tex/latex/fancyhdr/fancyhdr.sty
Package: fancyhdr 2025/02/07 v5.2 Extensive control of page headers and footers

\f@nch@headwidth=\skip51
\f@nch@offset@elh=\skip52
\f@nch@offset@erh=\skip53
\f@nch@offset@olh=\skip54
\f@nch@offset@orh=\skip55
\f@nch@offset@elf=\skip56
\f@nch@offset@erf=\skip57
\f@nch@offset@olf=\skip58
\f@nch@offset@orf=\skip59
\f@nch@height=\skip60
\f@nch@footalignment=\skip61
\f@nch@widthL=\skip62
\f@nch@widthC=\skip63
\f@nch@widthR=\skip64
\@temptokenb=\toks26
)
(/usr/share/texlive/texmf-dist/tex/latex/lastpage/lastpage.sty
Package: lastpage 2025/08/14 v2.1h lastpage: 2.09 or 2e? (HMM)

(/usr/share/texlive/texmf-dist/tex/latex/lastpage/lastpage2e.sty
Package: lastpage2e 2025/08/14 v2.1h Decide which 2e lastpage version to use (H
MM)

(/usr/share/texlive/texmf-dist/tex/latex/lastpage/lastpagemodern.sty
Package: lastpagemodern 2025-08-14 v2.1h Refers to last page's name (HMM; JPG)
\c@lastpagecount=\count296
) 
)) (/usr/share/texlive/texmf-dist/tex/generic/babel/babel.sty
Package: babel 2026/04/15 v26.6 The multilingual framework for LuaLaTeX, pdfLaT
eX and XeLaTeX
\babel@savecnt=\count297
LaTeX Encoding Info:    Redeclaring text command \ij (encoding OT1) on input li
ne 2078.
LaTeX Encoding Info:    Redeclaring text command \IJ (encoding OT1) on input li
ne 2080.
LaTeX Encoding Info:    Redeclaring text command \ij (encoding T1) on input lin
e 2082.
LaTeX Encoding Info:    Redeclaring text command \IJ (encoding T1) on input lin
e 2083.
LaTeX Encoding Info:    Ignoring declaration for text command \ij (encoding ?) 
on input line 2084.
LaTeX Encoding Info:    Ignoring declaration for text command \IJ (encoding ?) 
on input line 2086.
LaTeX Encoding Info:    Ignoring declaration for text command \SS (encoding ?) 
on input line 2111.
\U@D=\dimen173
\l@unhyphenated=\language5

(/usr/share/texlive/texmf-dist/tex/generic/babel/txtbabel.def)
\bbl@readstream=\read3
\bbl@dirlevel=\count298

(/usr/share/texlive/texmf-dist/tex/generic/babel/locale/it/babel-italian.tex)
Package babel Info: Importing font and identification data for italian
(babel)             from babel-it.ini. Reported on input line 4330.

(/usr/share/texlive/texmf-dist/tex/generic/babel-italian/italian.ldf
Language: italian 2026/01/13 v.1.5.02 Italian support for the babel system


Package babel Warning: No hyphenation patterns were preloaded for
(babel)                the language 'Italian' into the format.
(babel)                Please, configure your TeX system to add them and
(babel)                rebuild the format. Now I will use the patterns
(babel)                preloaded for \language=0 instead on input line 21.

Package babel Info: Hyphen rules for 'italian' set to \l@english
(babel)             (\language0). Reported on input line 22.
\it@lettering=\count299
\it@doublequoteactive=\count300
\it@ISOcompliance=\count301
)) (/usr/share/texlive/texmf-dist/tex/latex/etoolbox/etoolbox.sty
Package: etoolbox 2025/10/02 v2.5m e-TeX tools for LaTeX (JAW)
\etb@tempcnta=\count302
)
(/usr/share/texlive/texmf-dist/tex/latex/datetime/datetime.sty
Package: datetime 2015/03/20 v2.60 Date Time Package

(/usr/share/texlive/texmf-dist/tex/latex/fmtcount/fmtcount.sty
Package: fmtcount 2025/12/02 v3.12 Displaying the values of LaTeX counters (NT,
VB,NE)

(/usr/share/texlive/texmf-dist/tex/latex/base/ifthen.sty
Package: ifthen 2024/03/16 v1.1e Standard LaTeX ifthen package (DPC)
)
(/usr/share/texlive/texmf-dist/tex/latex/xkeyval/xkeyval.sty
Package: xkeyval 2025/11/04 v2.10 package option processing (HA)

(/usr/share/texlive/texmf-dist/tex/generic/xkeyval/xkeyval.tex
(/usr/share/texlive/texmf-dist/tex/generic/xkeyval/xkvutils.tex
\XKV@toks=\toks27
\XKV@tempa@toks=\toks28
\XKV@tempb@toks=\toks29
)
\XKV@depth=\count303
File: xkeyval.tex 2014/12/03 v2.7a key=value parser (HA)
))
(/usr/share/texlive/texmf-dist/tex/latex/fmtcount/fcprefix.sty
Package: fcprefix 2012/09/28

(/usr/share/texlive/texmf-dist/tex/latex/fmtcount/fcnumparser.sty
Package: fcnumparser 2017/06/15
\fc@digit@counter=\count304
))
(/usr/share/texlive/texmf-dist/tex/latex/amsmath/amsgen.sty
File: amsgen.sty 1999/11/30 v2.0 generic functions
\@emptytoks=\toks30
\ex@=\dimen174
)
\c@padzeroesN=\count305
\fc@tmpcatcode=\count306

(/usr/share/texlive/texmf-dist/tex/latex/fmtcount/fc-italian.def
File: fc-italian.def 2013/08/17

(/usr/share/texlive/texmf-dist/tex/latex/itnumpar/itnumpar.sty
Package: itnumpar 2007/04/03 v1.0 Numbers in words for Italian
))
\@DT@modctr=\count307
\@ordinalctr=\count308
\@orgargctr=\count309
\@strctr=\count310
\@tmpstrctr=\count311
\@DT@loopN=\count312
\@DT@X=\count313
)
(/usr/share/texlive/texmf-dist/tex/latex/datetime/datetime-defaults.sty
Package: datetime-defaults 2013/09/10
)
\@day=\count314
\@month=\count315
\@year=\count316
\c@HOUR=\count317
\c@HOURXII=\count318
\c@MINUTE=\count319
\c@TOHOUR=\count320
\c@TOMINUTE=\count321
\c@SECOND=\count322
\currenthour=\count323
\currentminute=\count324
\currentsecond=\count325
Package datetime Info: No datetime.cfg file found, using default settings on in
put line 308.
\@dtctr=\count326
\dayofyear=\count327
\dayofweek=\count328
LaTeX Info: Redefining \today on input line 736.

(/usr/share/texlive/texmf-dist/tex/latex/datetime/dt-italian.def
File: dt-italian.def 2015/03/20
LaTeX Info: Redefining \dateitalian on input line 103.
)
\dt@a=\toks31
\dt@b=\toks32
)
(/usr/share/texlive/texmf-dist/tex/latex/hyperref/hyperref.sty
Package: hyperref 2026-04-24 v7.01q Hypertext links for LaTeX

(/usr/share/texlive/texmf-dist/tex/latex/kvsetkeys/kvsetkeys.sty
Package: kvsetkeys 2022-10-05 v1.19 Key value parser (HO)
)
(/usr/share/texlive/texmf-dist/tex/generic/kvdefinekeys/kvdefinekeys.sty
Package: kvdefinekeys 2019-12-19 v1.6 Define keys (HO)
)
(/usr/share/texlive/texmf-dist/tex/generic/pdfescape/pdfescape.sty
Package: pdfescape 2019/12/09 v1.15 Implements pdfTeX's escape features (HO)
)
(/usr/share/texlive/texmf-dist/tex/latex/hycolor/hycolor.sty
Package: hycolor 2020-01-27 v1.10 Color options for hyperref/bookmark (HO)
)
(/usr/share/texlive/texmf-dist/tex/latex/hyperref/nameref.sty
Package: nameref 2026-01-29 v2.58 Cross-referencing by name of section

(/usr/share/texlive/texmf-dist/tex/latex/refcount/refcount.sty
Package: refcount 2019/12/15 v3.6 Data extraction from label references (HO)
)
(/usr/share/texlive/texmf-dist/tex/generic/gettitlestring/gettitlestring.sty
Package: gettitlestring 2019/12/15 v1.6 Cleanup title references (HO)

(/usr/share/texlive/texmf-dist/tex/latex/kvoptions/kvoptions.sty
Package: kvoptions 2022-06-15 v3.15 Key value format for package options (HO)
))
\c@section@level=\count329
)
(/usr/share/texlive/texmf-dist/tex/generic/stringenc/stringenc.sty
Package: stringenc 2019/11/29 v1.12 Convert strings between diff. encodings (HO
)
)
\@linkdim=\dimen175
\Hy@linkcounter=\count330
\Hy@pagecounter=\count331

(/usr/share/texlive/texmf-dist/tex/latex/hyperref/pd1enc.def
File: pd1enc.def 2026-04-24 v7.01q Hyperref: PDFDocEncoding definition (HO)
Now handling font encoding PD1 ...
... no UTF-8 mapping file for font encoding PD1
)
(/usr/share/texlive/texmf-dist/tex/generic/intcalc/intcalc.sty
Package: intcalc 2019/12/15 v1.3 Expandable calculations with integers (HO)
)
\Hy@SavedSpaceFactor=\count332

(/usr/share/texlive/texmf-dist/tex/latex/hyperref/puenc.def
File: puenc.def 2026-04-24 v7.01q Hyperref: PDF Unicode definition (HO)
Now handling font encoding PU ...
... no UTF-8 mapping file for font encoding PU
)
Package hyperref Info: Option `colorlinks' set `true' on input line 4070.
Package hyperref Info: Hyper figures OFF on input line 4199.
Package hyperref Info: Link nesting OFF on input line 4204.
Package hyperref Info: Hyper index ON on input line 4207.
Package hyperref Info: Plain pages OFF on input line 4214.
Package hyperref Info: Backreferencing OFF on input line 4219.
Package hyperref Info: Implicit mode ON; LaTeX internals redefined.
Package hyperref Info: Bookmarks ON on input line 4466.
\c@Hy@tempcnt=\count333

(/usr/share/texlive/texmf-dist/tex/latex/url/url.sty
\Urlmuskip=\muskip17
Package: url 2013/09/16  ver 3.4  Verb mode for urls, etc.
)
LaTeX Info: Redefining \url on input line 4805.
\XeTeXLinkMargin=\dimen176

(/usr/share/texlive/texmf-dist/tex/generic/bitset/bitset.sty
Package: bitset 2019/12/09 v1.3 Handle bit-vector datatype (HO)

(/usr/share/texlive/texmf-dist/tex/generic/bigintcalc/bigintcalc.sty
Package: bigintcalc 2019/12/15 v1.5 Expandable calculations on big integers (HO
)
))
\Fld@menulength=\count334
\Field@Width=\dimen177
\Fld@charsize=\dimen178
Package hyperref Info: Hyper figures OFF on input line 6091.
Package hyperref Info: Link nesting OFF on input line 6096.
Package hyperref Info: Hyper index ON on input line 6099.
Package hyperref Info: backreferencing OFF on input line 6106.
Package hyperref Info: Link coloring ON on input line 6109.
Package hyperref Info: Link coloring with OCG OFF on input line 6116.
Package hyperref Info: PDF/A mode OFF on input line 6121.
\Hy@abspage=\count335
\c@Item=\count336
\c@Hfootnote=\count337
)
Package hyperref Info: Driver (autodetected): hpdftex.

(/usr/share/texlive/texmf-dist/tex/latex/hyperref/hpdftex.def
File: hpdftex.def 2026-04-24 v7.01q Hyperref driver for pdfTeX
\Fld@listcount=\count338
\c@bookmark@seq@number=\count339

(/usr/share/texlive/texmf-dist/tex/latex/rerunfilecheck/rerunfilecheck.sty
Package: rerunfilecheck 2025-06-21 v1.11 Rerun checks for auxiliary files (HO)

(/usr/share/texlive/texmf-dist/tex/generic/uniquecounter/uniquecounter.sty
Package: uniquecounter 2019/12/15 v1.4 Provide unlimited unique counter (HO)
)
Package uniquecounter Info: New unique counter `rerunfilecheck' on input line 2
84.
)
\Hy@SectionHShift=\skip65
)
(/usr/share/texlive/texmf-dist/tex/latex/booktabs/booktabs.sty
Package: booktabs 2020/01/12 v1.61803398 Publication quality tables
\heavyrulewidth=\dimen179
\lightrulewidth=\dimen180
\cmidrulewidth=\dimen181
\belowrulesep=\dimen182
\belowbottomsep=\dimen183
\aboverulesep=\dimen184
\abovetopsep=\dimen185
\cmidrulesep=\dimen186
\cmidrulekern=\dimen187
\defaultaddspace=\dimen188
\@cmidla=\count340
\@cmidlb=\count341
\@aboverulesep=\dimen189
\@belowrulesep=\dimen190
\@thisruleclass=\count342
\@lastruleclass=\count343
\@thisrulewidth=\dimen191
)
(/usr/share/texlive/texmf-dist/tex/latex/tools/array.sty

LaTeX Warning: You have requested release `2026/06/01' of LaTeX,
               but only release `2025-11-01' is available.

Package: array 2026/01/25 v2.7a Tabular extension package (FMi)
\col@sep=\dimen192
\ar@mcellbox=\box55
\extrarowheight=\dimen193
\NC@list=\toks33
\extratabsurround=\skip66
\backup@length=\skip67
\ar@cellbox=\box56
) (/usr/share/texlive/texmf-dist/tex/latex/graphics/dvipsnam.def
File: dvipsnam.def 2016/06/17 v3.0m Driver-dependent file (DPC,SPQR)
)
(/usr/share/texlive/texmf-dist/tex/latex/colortbl/colortbl.sty
Package: colortbl 2024/10/29 v1.0k Color table columns (DPC)
\everycr=\toks34
\minrowclearance=\skip68
\rownum=\count344
)
(/usr/share/texlive/texmf-dist/tex/latex/enumitem/enumitem.sty
Package: enumitem 2025/02/06 v3.11 Customized lists
\labelindent=\skip69
\enit@outerparindent=\dimen194
\enit@toks=\toks35
\enit@inbox=\box57
\enit@count@id=\count345
\enitdp@description=\count346
)
(/usr/share/texlive/texmf-dist/tex/latex/multirow/multirow.sty
Package: multirow 2024/11/12 v2.9 Span multiple rows of a table
\multirow@colwidth=\skip70
\multirow@cntb=\count347
\multirow@dima=\skip71
\bigstrutjot=\dimen195
)
(/usr/share/texlive/texmf-dist/tex/latex/float/float.sty
Package: float 2001/11/08 v1.3d Float enhancements (AL)
\c@float@type=\count348
\float@exts=\toks36
\float@box=\box58
\@float@everytoks=\toks37
\@floatcapt=\box59
)
(/usr/share/texlive/texmf-dist/tex/latex/tools/longtable.sty
Package: longtable 2026-01-28 v4.27 Multi-page Table package (DPC)
\LTleft=\skip72
\LTright=\skip73
\LTpre=\skip74
\LTpost=\skip75
\LTchunksize=\count349
\LTcapwidth=\dimen196
\LT@head=\box60
\LT@firsthead=\box61
\LT@foot=\box62
\LT@lastfoot=\box63
\LT@gbox=\box64
\LT@cols=\count350
\LT@rows=\count351
\c@LT@tables=\count352
\c@LT@chunks=\count353
\LT@p@ftn=\toks38
)
(/usr/share/texlive/texmf-dist/tex/latex/arydshln/arydshln.sty
Package: arydshln 2019/02/21 v1.76 
\dashlinedash=\dimen197
\dashlinegap=\dimen198
\adl@box=\box65
\adl@height=\dimen199
\adl@heightsave=\dimen256
\adl@depth=\dimen257
\adl@depthsave=\dimen258
\adl@finaldepth=\dimen259
\adl@columns=\count354
\adl@ncol=\count355
\adl@currentcolumn=\count356
\adl@currentcolumnsave=\count357
\adl@totalheight=\count358
\adl@totalheightsave=\count359
\adl@dash=\count360
\adl@gap=\count361
\adl@cla=\count362
\adl@clb=\count363
\adl@everyvbox=\toks39
\adl@LTpagetotal=\dimen260
)
==> First Aid for arydshln.sty applied!
(/usr/share/texlive/texmf-dist/tex/latex/tcolorbox/tcolorbox.sty
Package: tcolorbox 2025/11/28 version 6.9.0 text color boxes

(/usr/share/texlive/texmf-dist/tex/latex/pgf/frontendlayer/tikz.sty
(/usr/share/texlive/texmf-dist/tex/latex/pgf/basiclayer/pgf.sty
Package: pgf 2025-08-29 v3.1.11a (3.1.11a)

(/usr/share/texlive/texmf-dist/tex/latex/pgf/basiclayer/pgfcore.sty
(/usr/share/texlive/texmf-dist/tex/generic/pgf/basiclayer/pgfcore.code.tex
Package: pgfcore 2025-08-29 v3.1.11a (3.1.11a)

(/usr/share/texlive/texmf-dist/tex/generic/pgf/math/pgfmath.code.tex
(/usr/share/texlive/texmf-dist/tex/generic/pgf/math/pgfmathutil.code.tex)
(/usr/share/texlive/texmf-dist/tex/generic/pgf/math/pgfmathparser.code.tex
\pgfmath@dimen=\dimen261
\pgfmath@count=\count364
\pgfmath@box=\box66
\pgfmath@toks=\toks40
\pgfmath@stack@operand=\toks41
\pgfmath@stack@operation=\toks42
)
(/usr/share/texlive/texmf-dist/tex/generic/pgf/math/pgfmathfunctions.code.tex)
(/usr/share/texlive/texmf-dist/tex/generic/pgf/math/pgfmathfunctions.basic.code
.tex)
(/usr/share/texlive/texmf-dist/tex/generic/pgf/math/pgfmathfunctions.trigonomet
ric.code.tex)
(/usr/share/texlive/texmf-dist/tex/generic/pgf/math/pgfmathfunctions.random.cod
e.tex)
(/usr/share/texlive/texmf-dist/tex/generic/pgf/math/pgfmathfunctions.comparison
.code.tex)
(/usr/share/texlive/texmf-dist/tex/generic/pgf/math/pgfmathfunctions.base.code.
tex)
(/usr/share/texlive/texmf-dist/tex/generic/pgf/math/pgfmathfunctions.round.code
.tex)
(/usr/share/texlive/texmf-dist/tex/generic/pgf/math/pgfmathfunctions.misc.code.
tex)
(/usr/share/texlive/texmf-dist/tex/generic/pgf/math/pgfmathfunctions.integerari
thmetics.code.tex)
(/usr/share/texlive/texmf-dist/tex/generic/pgf/math/pgfmathcalc.code.tex)
(/usr/share/texlive/texmf-dist/tex/generic/pgf/math/pgfmathfloat.code.tex
\c@pgfmathroundto@lastzeros=\count365
))
(/usr/share/texlive/texmf-dist/tex/generic/pgf/math/pgfint.code.tex)
(/usr/share/texlive/texmf-dist/tex/generic/pgf/basiclayer/pgfcorepoints.code.te
x
File: pgfcorepoints.code.tex 2025-08-29 v3.1.11a (3.1.11a)
\pgf@picminx=\dimen262
\pgf@picmaxx=\dimen263
\pgf@picminy=\dimen264
\pgf@picmaxy=\dimen265
\pgf@pathminx=\dimen266
\pgf@pathmaxx=\dimen267
\pgf@pathminy=\dimen268
\pgf@pathmaxy=\dimen269
\pgf@xx=\dimen270
\pgf@xy=\dimen271
\pgf@yx=\dimen272
\pgf@yy=\dimen273
\pgf@zx=\dimen274
\pgf@zy=\dimen275
)
(/usr/share/texlive/texmf-dist/tex/generic/pgf/basiclayer/pgfcorepathconstruct.
code.tex
File: pgfcorepathconstruct.code.tex 2025-08-29 v3.1.11a (3.1.11a)
\pgf@path@lastx=\dimen276
\pgf@path@lasty=\dimen277
)
(/usr/share/texlive/texmf-dist/tex/generic/pgf/basiclayer/pgfcorepathusage.code
.tex
File: pgfcorepathusage.code.tex 2025-08-29 v3.1.11a (3.1.11a)
\pgf@shorten@end@additional=\dimen278
\pgf@shorten@start@additional=\dimen279
)
(/usr/share/texlive/texmf-dist/tex/generic/pgf/basiclayer/pgfcorescopes.code.te
x
File: pgfcorescopes.code.tex 2025-08-29 v3.1.11a (3.1.11a)
\pgfpic=\box67
\pgf@hbox=\box68
\pgf@layerbox@main=\box69
\pgf@picture@serial@count=\count366
)
(/usr/share/texlive/texmf-dist/tex/generic/pgf/basiclayer/pgfcoregraphicstate.c
ode.tex
File: pgfcoregraphicstate.code.tex 2025-08-29 v3.1.11a (3.1.11a)
\pgflinewidth=\dimen280
)
(/usr/share/texlive/texmf-dist/tex/generic/pgf/basiclayer/pgfcoretransformation
s.code.tex
File: pgfcoretransformations.code.tex 2025-08-29 v3.1.11a (3.1.11a)
\pgf@pt@x=\dimen281
\pgf@pt@y=\dimen282
\pgf@pt@temp=\dimen283
)
(/usr/share/texlive/texmf-dist/tex/generic/pgf/basiclayer/pgfcorequick.code.tex
File: pgfcorequick.code.tex 2025-08-29 v3.1.11a (3.1.11a)
)
(/usr/share/texlive/texmf-dist/tex/generic/pgf/basiclayer/pgfcoreobjects.code.t
ex
File: pgfcoreobjects.code.tex 2025-08-29 v3.1.11a (3.1.11a)
)
(/usr/share/texlive/texmf-dist/tex/generic/pgf/basiclayer/pgfcorepathprocessing
.code.tex
File: pgfcorepathprocessing.code.tex 2025-08-29 v3.1.11a (3.1.11a)
)
(/usr/share/texlive/texmf-dist/tex/generic/pgf/basiclayer/pgfcorearrows.code.te
x
File: pgfcorearrows.code.tex 2025-08-29 v3.1.11a (3.1.11a)
\pgfarrowsep=\dimen284
)
(/usr/share/texlive/texmf-dist/tex/generic/pgf/basiclayer/pgfcoreshade.code.tex
File: pgfcoreshade.code.tex 2025-08-29 v3.1.11a (3.1.11a)
\pgf@max=\dimen285
\pgf@sys@shading@range@num=\count367
\pgf@shadingcount=\count368
)
(/usr/share/texlive/texmf-dist/tex/generic/pgf/basiclayer/pgfcoreimage.code.tex
File: pgfcoreimage.code.tex 2025-08-29 v3.1.11a (3.1.11a)
)
(/usr/share/texlive/texmf-dist/tex/generic/pgf/basiclayer/pgfcoreexternal.code.
tex
File: pgfcoreexternal.code.tex 2025-08-29 v3.1.11a (3.1.11a)
\pgfexternal@startupbox=\box70
)
(/usr/share/texlive/texmf-dist/tex/generic/pgf/basiclayer/pgfcorelayers.code.te
x
File: pgfcorelayers.code.tex 2025-08-29 v3.1.11a (3.1.11a)
)
(/usr/share/texlive/texmf-dist/tex/generic/pgf/basiclayer/pgfcoretransparency.c
ode.tex
File: pgfcoretransparency.code.tex 2025-08-29 v3.1.11a (3.1.11a)
)
(/usr/share/texlive/texmf-dist/tex/generic/pgf/basiclayer/pgfcorepatterns.code.
tex
File: pgfcorepatterns.code.tex 2025-08-29 v3.1.11a (3.1.11a)
)
(/usr/share/texlive/texmf-dist/tex/generic/pgf/basiclayer/pgfcorerdf.code.tex
File: pgfcorerdf.code.tex 2025-08-29 v3.1.11a (3.1.11a)
)))
(/usr/share/texlive/texmf-dist/tex/generic/pgf/modules/pgfmoduleshapes.code.tex
File: pgfmoduleshapes.code.tex 2025-08-29 v3.1.11a (3.1.11a)
\pgfnodeparttextbox=\box71
) (/usr/share/texlive/texmf-dist/tex/generic/pgf/modules/pgfmoduleplot.code.tex
File: pgfmoduleplot.code.tex 2025-08-29 v3.1.11a (3.1.11a)
)
(/usr/share/texlive/texmf-dist/tex/latex/pgf/compatibility/pgfcomp-version-0-65
.sty
Package: pgfcomp-version-0-65 2025-08-29 v3.1.11a (3.1.11a)
\pgf@nodesepstart=\dimen286
\pgf@nodesepend=\dimen287
)
(/usr/share/texlive/texmf-dist/tex/latex/pgf/compatibility/pgfcomp-version-1-18
.sty
Package: pgfcomp-version-1-18 2025-08-29 v3.1.11a (3.1.11a)
)) (/usr/share/texlive/texmf-dist/tex/latex/pgf/utilities/pgffor.sty
(/usr/share/texlive/texmf-dist/tex/latex/pgf/utilities/pgfkeys.sty
(/usr/share/texlive/texmf-dist/tex/generic/pgf/utilities/pgfkeys.code.tex))
(/usr/share/texlive/texmf-dist/tex/latex/pgf/math/pgfmath.sty
(/usr/share/texlive/texmf-dist/tex/generic/pgf/math/pgfmath.code.tex))
(/usr/share/texlive/texmf-dist/tex/generic/pgf/utilities/pgffor.code.tex
Package: pgffor 2025-08-29 v3.1.11a (3.1.11a)
\pgffor@iter=\dimen288
\pgffor@skip=\dimen289
\pgffor@stack=\toks43
\pgffor@toks=\toks44
))
(/usr/share/texlive/texmf-dist/tex/generic/pgf/frontendlayer/tikz/tikz.code.tex
Package: tikz 2025-08-29 v3.1.11a (3.1.11a)

(/usr/share/texlive/texmf-dist/tex/generic/pgf/libraries/pgflibraryplothandlers
.code.tex
File: pgflibraryplothandlers.code.tex 2025-08-29 v3.1.11a (3.1.11a)
\pgf@plot@mark@count=\count369
\pgfplotmarksize=\dimen290
)
\tikz@lastx=\dimen291
\tikz@lasty=\dimen292
\tikz@lastxsaved=\dimen293
\tikz@lastysaved=\dimen294
\tikz@lastmovetox=\dimen295
\tikz@lastmovetoy=\dimen296
\tikzleveldistance=\dimen297
\tikzsiblingdistance=\dimen298
\tikz@figbox=\box72
\tikz@figbox@bg=\box73
\tikz@tempbox=\box74
\tikz@tempbox@bg=\box75
\tikztreelevel=\count370
\tikznumberofchildren=\count371
\tikznumberofcurrentchild=\count372
\tikz@fig@count=\count373

(/usr/share/texlive/texmf-dist/tex/generic/pgf/modules/pgfmodulematrix.code.tex
File: pgfmodulematrix.code.tex 2025-08-29 v3.1.11a (3.1.11a)
\pgfmatrixcurrentrow=\count374
\pgfmatrixcurrentcolumn=\count375
\pgf@matrix@numberofcolumns=\count376
)
\tikz@expandcount=\count377

(/usr/share/texlive/texmf-dist/tex/generic/pgf/frontendlayer/tikz/libraries/tik
zlibrarytopaths.code.tex
File: tikzlibrarytopaths.code.tex 2025-08-29 v3.1.11a (3.1.11a)
)))
(/usr/share/texlive/texmf-dist/tex/latex/tools/verbatim.sty
Package: verbatim 2024-01-22 v1.5x LaTeX2e package for verbatim enhancements
\every@verbatim=\toks45
\verbatim@line=\toks46
\verbatim@in@stream=\read4
)
(/usr/share/texlive/texmf-dist/tex/latex/environ/environ.sty
Package: environ 2014/05/04 v0.3 A new way to define environments
\@envbody=\toks47
)
\tcb@titlebox=\box76
\tcb@upperbox=\box77
\tcb@lowerbox=\box78
\tcb@phantombox=\box79
\c@tcbbreakpart=\count378
\c@tcblayer=\count379
\c@tcolorbox@number=\count380
\l__tcobox_tmpa_box=\box80
\l__tcobox_tmpa_dim=\dimen299
\tcb@temp=\box81
\tcb@temp=\box82
\tcb@temp=\box83
\tcb@temp=\box84
)
(/usr/share/texlive/texmf-dist/tex/latex/base/fontenc.sty
Package: fontenc 2025/07/18 v2.1d Standard LaTeX package
)
(/usr/share/texlive/texmf-dist/tex/latex/amsfonts/amssymb.sty
Package: amssymb 2013/01/14 v3.01 AMS font symbols

(/usr/share/texlive/texmf-dist/tex/latex/amsfonts/amsfonts.sty
Package: amsfonts 2013/01/14 v3.01 Basic AMSFonts support
\symAMSa=\mathgroup4
\symAMSb=\mathgroup5
LaTeX Font Info:    Redeclaring math symbol \hbar on input line 98.
LaTeX Font Info:    Overwriting math alphabet `\mathfrak' in version `bold'
(Font)                  U/euf/m/n --> U/euf/b/n on input line 106.
))
(/usr/share/texlive/texmf-dist/tex/generic/dirtree/dirtree.sty
Package: dirtree 2012/12/11 v0.32 package wrapper for dirtree

(/usr/share/texlive/texmf-dist/tex/generic/dirtree/dirtree.tex
`dirtree' v0.32, 2012/12/11 (jcc)
\DT@offset=\dimen300
\DT@width=\dimen301
\DT@sep=\dimen302
\DT@all=\dimen303
\DT@rulewidth=\dimen304
\DT@dotwidth=\dimen305
\DTbaselineskip=\dimen306
\DT@counti=\count381
\DT@countii=\count382
\DT@countiii=\count383
\DT@countiv=\count384
\DT@indent=\dimen307
\DT@parskip=\dimen308
\DT@baselineskip=\dimen309
)
File: dirtree.tex 2012/12/11 v0.32 `dirtree' (jcc)
)
(/usr/share/texlive/texmf-dist/tex/latex/l3backend/l3backend-pdftex.def
File: l3backend-pdftex.def 2026-02-18 L3 backend support: PDF output (pdfTeX)
\l__color_backend_stack_int=\count385
)
(./MetodologiePT.aux)
\openout1 = `MetodologiePT.aux'.

LaTeX Font Info:    Checking defaults for OML/cmm/m/it on input line 44.
LaTeX Font Info:    ... okay on input line 44.
LaTeX Font Info:    Checking defaults for OMS/cmsy/m/n on input line 44.
LaTeX Font Info:    ... okay on input line 44.
LaTeX Font Info:    Checking defaults for OT1/cmr/m/n on input line 44.
LaTeX Font Info:    ... okay on input line 44.
LaTeX Font Info:    Checking defaults for T1/cmr/m/n on input line 44.
LaTeX Font Info:    ... okay on input line 44.
LaTeX Font Info:    Checking defaults for TS1/cmr/m/n on input line 44.
LaTeX Font Info:    ... okay on input line 44.
LaTeX Font Info:    Checking defaults for OMX/cmex/m/n on input line 44.
LaTeX Font Info:    ... okay on input line 44.
LaTeX Font Info:    Checking defaults for U/cmr/m/n on input line 44.
LaTeX Font Info:    ... okay on input line 44.
LaTeX Font Info:    Checking defaults for PD1/pdf/m/n on input line 44.
LaTeX Font Info:    ... okay on input line 44.
LaTeX Font Info:    Checking defaults for PU/pdf/m/n on input line 44.
LaTeX Font Info:    ... okay on input line 44.

*geometry* driver: auto-detecting
*geometry* detected driver: pdftex
*geometry* verbose mode - [ preamble ] result:
* driver: pdftex
* paper: <default>
* layout: <same size as paper>
* layoutoffset:(h,v)=(0.0pt,0.0pt)
* modes: 
* h-part:(L,W,R)=(56.9055pt, 500.484pt, 56.9055pt)
* v-part:(T,H,B)=(62.59596pt, 675.46852pt, 56.9055pt)
* \paperwidth=614.295pt
* \paperheight=794.96999pt
* \textwidth=500.484pt
* \textheight=675.46852pt
* \oddsidemargin=-15.36449pt
* \evensidemargin=-15.36449pt
* \topmargin=-49.67403pt
* \headheight=15.0pt
* \headsep=25.0pt
* \topskip=11.0pt
* \footskip=30.0pt
* \marginparwidth=59.0pt
* \marginparsep=10.0pt
* \columnsep=10.0pt
* \skip\footins=10.0pt plus 4.0pt minus 2.0pt
* \hoffset=0.0pt
* \voffset=0.0pt
* \mag=1000
* \@twocolumnfalse
* \@twosidefalse
* \@mparswitchfalse
* \@reversemarginfalse
* (1in=72.27pt=25.4mm, 1cm=28.453pt)

(/usr/share/texlive/texmf-dist/tex/context/base/mkii/supp-pdf.mkii
[Loading MPS to PDF converter (version 2006.09.02).]
\scratchcounter=\count386
\scratchdimen=\dimen310
\scratchbox=\box85
\nofMPsegments=\count387
\nofMParguments=\count388
\everyMPshowfont=\toks48
\MPscratchCnt=\count389
\MPscratchDim=\dimen311
\MPnumerator=\count390
\makeMPintoPDFobject=\count391
\everyMPtoPDFconversion=\toks49
) (/usr/share/texlive/texmf-dist/tex/latex/epstopdf-pkg/epstopdf-base.sty
Package: epstopdf-base 2020-01-24 v2.11 Base part for package epstopdf
Package epstopdf-base Info: Redefining graphics rule for `.eps' on input line 4
85.

(/usr/share/texlive/texmf-dist/tex/latex/latexconfig/epstopdf-sys.cfg
File: epstopdf-sys.cfg 2010/07/13 v1.3 Configuration of (r)epstopdf for TeX Liv
e
))
LaTeX Info: Redefining \it@ocap on input line 44.
LaTeX Info: Redefining \it@ccap on input line 44.
Package hyperref Info: Link coloring ON on input line 44.

(./MetodologiePT.out) (./MetodologiePT.out)
\@outlinefile=\write4
\openout4 = `MetodologiePT.out'.

Package svg Info: Last page of `./svg-inkscape/logoUnisa(1)_svg-tex.pdf' is 1 o
n input line 56.

(./svg-inkscape/logoUnisa(1)_svg-tex.pdf_tex
<./svg-inkscape/logoUnisa(1)_svg-tex.pdf, id=103, page=1, 210.78682pt x 85.8206
2pt>
File: ./svg-inkscape/logoUnisa(1)_svg-tex.pdf Graphic file (type pdf)
<use ./svg-inkscape/logoUnisa(1)_svg-tex.pdf, page 1>
Package pdftex.def Info: ./svg-inkscape/logoUnisa(1)_svg-tex.pdf , page1 used o
n input line 56.
(pdftex.def)             Requested size: 316.18022pt x 128.7332pt.
) [1

{/var/lib/texmf/fonts/map/pdftex/updmap/pdftex.map}{/usr/share/texlive/texmf-di
st/fonts/enc/dvips/cm-super/cm-super-t1.enc} <./svg-inkscape/logoUnisa(1)_svg-t
ex.pdf>]
Overfull \hbox (2.88985pt too wide) in paragraph at lines 84--85
\T1/cmr/m/n/10.95 adot-tate du-rante l'at-tiv-itŕ di Pen-e-tra-tion Test-ing ef
-fet-tua-ta sul-la macchi-na vir-tuale de-nom-i-na-ta \T1/cmr/bx/n/10.95 no_nam
e\T1/cmr/m/n/10.95 .
 []


pdfTeX warning (ext4): destination with the same identifier (name{page.1}) has 
been already used, duplicate ignored
<to be read again> 
                   \relax 
l.88 	\newpage
               [1] (./MetodologiePT.toc
LaTeX Font Info:    Trying to load font information for U+msa on input line 5.

(/usr/share/texlive/texmf-dist/tex/latex/amsfonts/umsa.fd
File: umsa.fd 2013/01/14 v3.01 AMS symbols A
)
LaTeX Font Info:    Trying to load font information for U+msb on input line 5.

(/usr/share/texlive/texmf-dist/tex/latex/amsfonts/umsb.fd
File: umsb.fd 2013/01/14 v3.01 AMS symbols B
))
\tf@toc=\write5
\openout5 = `MetodologiePT.toc'.

 [2

]
Capitolo 1.

Overfull \hbox (7.2525pt too wide) in paragraph at lines 116--132
 [][] 
 []

[3

{/usr/share/texlive/texmf-dist/fonts/enc/dvips/cm-super/cm-super-ts1.enc}]
[4
pdfTeX warning (ext4): destination with the same identifier (name{table.1.1}) h
as been already used, duplicate ignored
<argument> ...shipout:D \box_use:N \l_shipout_box 
                                                  \__shipout_drop_firstpage_...
l.141 	\chapter
               {Fasi FGPT}]
Capitolo 2.
LaTeX Font Info:    Font shape `T1/cmtt/bx/n' in size <10.95> not available
(Font)              Font shape `T1/cmtt/m/n' tried instead on input line 151.

Overfull \hbox (37.04622pt too wide) in paragraph at lines 154--155
\T1/cmr/m/n/10.95 Sono cat-e-gori-ca-mente es-clusi dai test di pen-e-trazione 
il gate-way del-l'in-fras-trut-tura vir-tuale (\T1/cmtt/m/n/10.95 192.168.238.2
\T1/cmr/m/n/10.95 ),
 []

[5

]
<assets/academy_photo/targetDiscovery/netdiscover.jpeg, id=184, 671.50874pt x 1
96.735pt>
File: assets/academy_photo/targetDiscovery/netdiscover.jpeg Graphic file (type 
jpg)
<use assets/academy_photo/targetDiscovery/netdiscover.jpeg>
Package pdftex.def Info: assets/academy_photo/targetDiscovery/netdiscover.jpeg 
 used on input line 180.
(pdftex.def)             Requested size: 425.41444pt x 124.63412pt.
 [6
pdfTeX warning (ext4): destination with the same identifier (name{figure.2.1}) 
has been already used, duplicate ignored
<argument> ...shipout:D \box_use:N \l_shipout_box 
                                                  \__shipout_drop_firstpage_...
l.238 	
        <./assets/academy_photo/targetDiscovery/netdiscover.jpeg>]
<assets/academy_photo/targetEnumeration/passive_fingerprint_curl.png, id=191, 4
38.13687pt x 106.14656pt>
File: assets/academy_photo/targetEnumeration/passive_fingerprint_curl.png Graph
ic file (type png)
<use assets/academy_photo/targetEnumeration/passive_fingerprint_curl.png>
Package pdftex.def Info: assets/academy_photo/targetEnumeration/passive_fingerp
rint_curl.png  used on input line 257.
(pdftex.def)             Requested size: 425.41444pt x 103.06569pt.
 [7
pdfTeX warning (ext4): destination with the same identifier (name{figure.2.2}) 
has been already used, duplicate ignored
<argument> ...shipout:D \box_use:N \l_shipout_box 
                                                  \__shipout_drop_firstpage_...
l.261 	
       ]
<assets/academy_photo/targetEnumeration/passive_fingerprint_two.png, id=202, 79
6.47563pt x 344.78813pt>
File: assets/academy_photo/targetEnumeration/passive_fingerprint_two.png Graphi
c file (type png)
<use assets/academy_photo/targetEnumeration/passive_fingerprint_two.png>
Package pdftex.def Info: assets/academy_photo/targetEnumeration/passive_fingerp
rint_two.png  used on input line 266.
(pdftex.def)             Requested size: 425.41444pt x 184.1573pt.
<assets/academy_photo/targetEnumeration/os_fingerprint_nmap.jpeg, id=203, 1008.
76875pt x 290.08376pt>
File: assets/academy_photo/targetEnumeration/os_fingerprint_nmap.jpeg Graphic f
ile (type jpg)
<use assets/academy_photo/targetEnumeration/os_fingerprint_nmap.jpeg>
Package pdftex.def Info: assets/academy_photo/targetEnumeration/os_fingerprint_
nmap.jpeg  used on input line 278.
(pdftex.def)             Requested size: 450.43253pt x 129.52727pt.
 [8
pdfTeX warning (ext4): destination with the same identifier (name{figure.2.3}) 
has been already used, duplicate ignored
<argument> ...shipout:D \box_use:N \l_shipout_box 
                                                  \__shipout_drop_firstpage_...
l.282 	
       
pdfTeX warning (ext4): destination with the same identifier (name{figure.2.4}) 
has been already used, duplicate ignored
<argument> ...shipout:D \box_use:N \l_shipout_box 
                                                  \__shipout_drop_firstpage_...
l.282 	
        <./assets/academy_photo/targetEnumeration/passive_fingerprint_curl.png>
 <./assets/academy_photo/targetEnumeration/passive_fingerprint_two.png>]
<assets/academy_photo/targetEnumeration/port_scanning_nmap.jpeg, id=213, 776.90
25pt x 211.79124pt>
File: assets/academy_photo/targetEnumeration/port_scanning_nmap.jpeg Graphic fi
le (type jpg)
<use assets/academy_photo/targetEnumeration/port_scanning_nmap.jpeg>
Package pdftex.def Info: assets/academy_photo/targetEnumeration/port_scanning_n
map.jpeg  used on input line 298.
(pdftex.def)             Requested size: 350.33727pt x 95.50554pt.
<assets/academy_photo/targetEnumeration/directory_scanning_gobuster.jpeg, id=21
4, 603.75563pt x 465.99094pt>
File: assets/academy_photo/targetEnumeration/directory_scanning_gobuster.jpeg G
raphic file (type jpg)
<use assets/academy_photo/targetEnumeration/directory_scanning_gobuster.jpeg>
Package pdftex.def Info: assets/academy_photo/targetEnumeration/directory_scann
ing_gobuster.jpeg  used on input line 311.
(pdftex.def)             Requested size: 300.29344pt x 231.7719pt.

[9
pdfTeX warning (ext4): destination with the same identifier (name{figure.2.5}) 
has been already used, duplicate ignored
<argument> ...shipout:D \box_use:N \l_shipout_box 
                                                  \__shipout_drop_firstpage_...
l.315 	
       
pdfTeX warning (ext4): destination with the same identifier (name{figure.2.6}) 
has been already used, duplicate ignored
<argument> ...shipout:D \box_use:N \l_shipout_box 
                                                  \__shipout_drop_firstpage_...
l.315 	
        <./assets/academy_photo/targetEnumeration/os_fingerprint_nmap.jpeg> <./
assets/academy_photo/targetEnumeration/port_scanning_nmap.jpeg>]
<assets/academy_photo/targetEnumeration/directory_scanning_pro.jpeg, id=221, 59
4.72188pt x 404.26031pt>
File: assets/academy_photo/targetEnumeration/directory_scanning_pro.jpeg Graphi
c file (type jpg)
<use assets/academy_photo/targetEnumeration/directory_scanning_pro.jpeg>
Package pdftex.def Info: assets/academy_photo/targetEnumeration/directory_scann
ing_pro.jpeg  used on input line 325.
(pdftex.def)             Requested size: 325.31154pt x 221.12866pt.
 [10
pdfTeX warning (ext4): destination with the same identifier (name{figure.2.7}) 
has been already used, duplicate ignored
<argument> ...shipout:D \box_use:N \l_shipout_box 
                                                  \__shipout_drop_firstpage_...
l.331 	
       
pdfTeX warning (ext4): destination with the same identifier (name{figure.2.8}) 
has been already used, duplicate ignored
<argument> ...shipout:D \box_use:N \l_shipout_box 
                                                  \__shipout_drop_firstpage_...
l.331 	
        <./assets/academy_photo/targetEnumeration/directory_scanning_gobuster.j
peg> <./assets/academy_photo/targetEnumeration/directory_scanning_pro.jpeg>]
<assets/academy_photo/targetEnumeration/dirscan_dirbuster.jpeg, id=228, 1260.71
pt x 583.17876pt>
File: assets/academy_photo/targetEnumeration/dirscan_dirbuster.jpeg Graphic fil
e (type jpg)
<use assets/academy_photo/targetEnumeration/dirscan_dirbuster.jpeg>
Package pdftex.def Info: assets/academy_photo/targetEnumeration/dirscan_dirbust
er.jpeg  used on input line 334.
(pdftex.def)             Requested size: 400.38872pt x 185.20613pt.
LaTeX Font Info:    Font shape `T1/cmtt/bx/n' in size <12> not available
(Font)              Font shape `T1/cmtt/m/n' tried instead on input line 365.

[11
pdfTeX warning (ext4): destination with the same identifier (name{figure.2.9}) 
has been already used, duplicate ignored
<argument> ...shipout:D \box_use:N \l_shipout_box 
                                                  \__shipout_drop_firstpage_...
l.367 	
       
pdfTeX warning (ext4): destination with the same identifier (name{figure.2.10})
 has been already used, duplicate ignored
<argument> ...shipout:D \box_use:N \l_shipout_box 
                                                  \__shipout_drop_firstpage_...
l.367 	
        <./assets/academy_photo/targetEnumeration/dirscan_dirbuster.jpeg>]
<assets/academy_photo/vulnerabilityAssessment/admin.png, id=235, 540.51938pt x 
542.025pt>
File: assets/academy_photo/vulnerabilityAssessment/admin.png Graphic file (type
 png)
<use assets/academy_photo/vulnerabilityAssessment/admin.png>
Package pdftex.def Info: assets/academy_photo/vulnerabilityAssessment/admin.png
  used on input line 373.
(pdftex.def)             Requested size: 240.23016pt x 240.89848pt.
<assets/academy_photo/vulnerabilityAssessment/admin_code.png, id=236, 560.0925p
t x 268.75406pt>
File: assets/academy_photo/vulnerabilityAssessment/admin_code.png Graphic file 
(type png)
<use assets/academy_photo/vulnerabilityAssessment/admin_code.png>
Package pdftex.def Info: assets/academy_photo/vulnerabilityAssessment/admin_cod
e.png  used on input line 380.
(pdftex.def)             Requested size: 240.23016pt x 115.27083pt.
<assets/academy_photo/vulnerabilityAssessment/admin_steganography_cut.png, id=2
37, 459.21562pt x 145.29282pt>
File: assets/academy_photo/vulnerabilityAssessment/admin_steganography_cut.png 
Graphic file (type png)
<use assets/academy_photo/vulnerabilityAssessment/admin_steganography_cut.png>
Package pdftex.def Info: assets/academy_photo/vulnerabilityAssessment/admin_ste
ganography_cut.png  used on input line 392.
(pdftex.def)             Requested size: 350.33727pt x 110.84933pt.

[12
pdfTeX warning (ext4): destination with the same identifier (name{figure.2.11})
 has been already used, duplicate ignored
<argument> ...shipout:D \box_use:N \l_shipout_box 
                                                  \__shipout_drop_firstpage_...
l.401 	
       
pdfTeX warning (ext4): destination with the same identifier (name{figure.2.12})
 has been already used, duplicate ignored
<argument> ...shipout:D \box_use:N \l_shipout_box 
                                                  \__shipout_drop_firstpage_...
l.401 	
       
pdfTeX warning (ext4): destination with the same identifier (name{figure.2.13})
 has been already used, duplicate ignored
<argument> ...shipout:D \box_use:N \l_shipout_box 
                                                  \__shipout_drop_firstpage_...
l.401 	
        <./assets/academy_photo/vulnerabilityAssessment/admin.png> <./assets/ac
ademy_photo/vulnerabilityAssessment/admin_code.png> <./assets/academy_photo/vul
nerabilityAssessment/admin_steganography_cut.png>]
Underfull \hbox (badness 10000) in paragraph at lines 414--415
[]|\T1/cmr/m/n/10.95 Il ban-ner HTTP espone la dic-i-tu-ra
 []

<assets/academy_photo/vulnerabilityAssessment/index_php_fake_ping.png, id=249, 
653.44125pt x 426.09187pt>
File: assets/academy_photo/vulnerabilityAssessment/index_php_fake_ping.png Grap
hic file (type png)
<use assets/academy_photo/vulnerabilityAssessment/index_php_fake_ping.png>
Package pdftex.def Info: assets/academy_photo/vulnerabilityAssessment/index_php
_fake_ping.png  used on input line 430.
(pdftex.def)             Requested size: 400.38872pt x 261.07944pt.
[13
pdfTeX warning (ext4): destination with the same identifier (name{table.2.1}) h
as been already used, duplicate ignored
<argument> ...shipout:D \box_use:N \l_shipout_box 
                                                  \__shipout_drop_firstpage_...
l.432 	
       ]
<assets/academy_photo/vulnerabilityAssessment/superadmin_first_try.png, id=255,
 656.4525pt x 538.26094pt>
File: assets/academy_photo/vulnerabilityAssessment/superadmin_first_try.png Gra
phic file (type png)
<use assets/academy_photo/vulnerabilityAssessment/superadmin_first_try.png>
Package pdftex.def Info: assets/academy_photo/vulnerabilityAssessment/superadmi
n_first_try.png  used on input line 441.
(pdftex.def)             Requested size: 240.23016pt x 196.97693pt.
<assets/academy_photo/vulnerabilityAssessment/superadmin_second_try.png, id=256
, 658.71094pt x 545.03625pt>
File: assets/academy_photo/vulnerabilityAssessment/superadmin_second_try.png Gr
aphic file (type png)
<use assets/academy_photo/vulnerabilityAssessment/superadmin_second_try.png>
Package pdftex.def Info: assets/academy_photo/vulnerabilityAssessment/superadmi
n_second_try.png  used on input line 447.
(pdftex.def)             Requested size: 240.23016pt x 198.7744pt.
 [14
pdfTeX warning (ext4): destination with the same identifier (name{figure.2.14})
 has been already used, duplicate ignored
<argument> ...shipout:D \box_use:N \l_shipout_box 
                                                  \__shipout_drop_firstpage_...
l.455 \section
              {Target Exploitation}
pdfTeX warning (ext4): destination with the same identifier (name{figure.2.15})
 has been already used, duplicate ignored
<argument> ...shipout:D \box_use:N \l_shipout_box 
                                                  \__shipout_drop_firstpage_...
l.455 \section
              {Target Exploitation} <./assets/academy_photo/vulnerabilityAssess
ment/index_php_fake_ping.png> <./assets/academy_photo/vulnerabilityAssessment/s
uperadmin_first_try.png> <./assets/academy_photo/vulnerabilityAssessment/supera
dmin_second_try.png>] [15]
<assets/academy_photo/vulnerabilityAssessment/superadmin_php_inspection.png, id
=270, 665.48625pt x 466.74374pt>
File: assets/academy_photo/vulnerabilityAssessment/superadmin_php_inspection.pn
g Graphic file (type png)
<use assets/academy_photo/vulnerabilityAssessment/superadmin_php_inspection.png
>
Package pdftex.def Info: assets/academy_photo/vulnerabilityAssessment/superadmi
n_php_inspection.png  used on input line 509.
(pdftex.def)             Requested size: 425.41444pt x 298.37312pt.
 [16]
<assets/academy_photo/exploitation/netcat_base64.png, id=275, 420.82219pt x 65.
49469pt>
File: assets/academy_photo/exploitation/netcat_base64.png Graphic file (type pn
g)
<use assets/academy_photo/exploitation/netcat_base64.png>
Package pdftex.def Info: assets/academy_photo/exploitation/netcat_base64.png  u
sed on input line 525.
(pdftex.def)             Requested size: 425.41444pt x 66.21005pt.
 [17
pdfTeX warning (ext4): destination with the same identifier (name{figure.2.16})
 has been already used, duplicate ignored
<argument> ...shipout:D \box_use:N \l_shipout_box 
                                                  \__shipout_drop_firstpage_...
l.529 
       <./assets/academy_photo/vulnerabilityAssessment/superadmin_php_inspectio
n.png>]
<assets/academy_photo/exploitation/netcat_kali_before_conn.png, id=284, 271.012
5pt x 47.42719pt>
File: assets/academy_photo/exploitation/netcat_kali_before_conn.png Graphic fil
e (type png)
<use assets/academy_photo/exploitation/netcat_kali_before_conn.png>
Package pdftex.def Info: assets/academy_photo/exploitation/netcat_kali_before_c
onn.png  used on input line 534.
(pdftex.def)             Requested size: 425.41444pt x 74.4507pt.

Overfull \hbox (300.3524pt too wide) in paragraph at lines 542--543
[]\T1/cmtt/m/n/10.95 192.168.238.4 | `echo "cm0gL3RtcC9mO21rZmlmbyAvdG1wL2Y7Y2F
0IC90bXAvZnx8L2Jpbi9zaCAtaSAyPiYxfHxuYyAxOTIuMTY4LjIzOC40IDIyMjIgPi90bXAvZg=="
 []

<assets/academy_photo/exploitation/netcat_to_noname.png, id=285, 414.04688pt x 
69.25874pt>
File: assets/academy_photo/exploitation/netcat_to_noname.png Graphic file (type
 png)
<use assets/academy_photo/exploitation/netcat_to_noname.png>
Package pdftex.def Info: assets/academy_photo/exploitation/netcat_to_noname.png
  used on input line 550.
(pdftex.def)             Requested size: 425.41444pt x 71.16185pt.
<assets/academy_photo/exploitation/exploit_part_one_spawn_shell.png, id=286, 39
9.74344pt x 48.18pt>
File: assets/academy_photo/exploitation/exploit_part_one_spawn_shell.png Graphi
c file (type png)
<use assets/academy_photo/exploitation/exploit_part_one_spawn_shell.png>
Package pdftex.def Info: assets/academy_photo/exploitation/exploit_part_one_spa
wn_shell.png  used on input line 561.
(pdftex.def)             Requested size: 425.41444pt x 51.27637pt.
[18
pdfTeX warning (ext4): destination with the same identifier (name{figure.2.17})
 has been already used, duplicate ignored
<argument> ...shipout:D \box_use:N \l_shipout_box 
                                                  \__shipout_drop_firstpage_...
l.565 
      
pdfTeX warning (ext4): destination with the same identifier (name{figure.2.18})
 has been already used, duplicate ignored
<argument> ...shipout:D \box_use:N \l_shipout_box 
                                                  \__shipout_drop_firstpage_...
l.565 
      
pdfTeX warning (ext4): destination with the same identifier (name{figure.2.19})
 has been already used, duplicate ignored
<argument> ...shipout:D \box_use:N \l_shipout_box 
                                                  \__shipout_drop_firstpage_...
l.565 
       <./assets/academy_photo/exploitation/netcat_base64.png> <./assets/academ
y_photo/exploitation/netcat_kali_before_conn.png> <./assets/academy_photo/explo
itation/netcat_to_noname.png>]
<assets/academy_photo/exploitation/exploit_part_one_flag1.png, id=298, 459.2156
2pt x 176.15813pt>
File: assets/academy_photo/exploitation/exploit_part_one_flag1.png Graphic file
 (type png)
<use assets/academy_photo/exploitation/exploit_part_one_flag1.png>
Package pdftex.def Info: assets/academy_photo/exploitation/exploit_part_one_fla
g1.png  used on input line 570.
(pdftex.def)             Requested size: 425.41444pt x 163.19905pt.

Overfull \hbox (0.4242pt too wide) in paragraph at lines 578--579
\T1/cmr/m/n/10.95 (\T1/cmtt/m/n/10.95 flag1.txt\T1/cmr/m/n/10.95 ) con-te-nente
 un in-dizio cru-ciale per il reper-i-men-to delle cre-den-ziali del-l'u-tente 
\T1/cmtt/m/n/10.95 haclabs\T1/cmr/m/n/10.95 . Seguen-
 []

<assets/academy_photo/exploitation/exploit_part_one_haclab_psw.png, id=299, 459
.21562pt x 129.48375pt>
File: assets/academy_photo/exploitation/exploit_part_one_haclab_psw.png Graphic
 file (type png)
<use assets/academy_photo/exploitation/exploit_part_one_haclab_psw.png>
Package pdftex.def Info: assets/academy_photo/exploitation/exploit_part_one_hac
lab_psw.png  used on input line 582.
(pdftex.def)             Requested size: 500.484pt x 141.12656pt.
[19
pdfTeX warning (ext4): destination with the same identifier (name{figure.2.20})
 has been already used, duplicate ignored
<argument> ...shipout:D \box_use:N \l_shipout_box 
                                                  \__shipout_drop_firstpage_...
l.586 
      
pdfTeX warning (ext4): destination with the same identifier (name{figure.2.21})
 has been already used, duplicate ignored
<argument> ...shipout:D \box_use:N \l_shipout_box 
                                                  \__shipout_drop_firstpage_...
l.586 
       <./assets/academy_photo/exploitation/exploit_part_one_spawn_shell.png> <
./assets/academy_photo/exploitation/exploit_part_one_flag1.png>]
<assets/academy_photo/exploitation/exploit_part_two_tohaclabs.png, id=308, 459.
21562pt x 276.28218pt>
File: assets/academy_photo/exploitation/exploit_part_two_tohaclabs.png Graphic 
file (type png)
<use assets/academy_photo/exploitation/exploit_part_two_tohaclabs.png>
Package pdftex.def Info: assets/academy_photo/exploitation/exploit_part_two_toh
aclabs.png  used on input line 591.
(pdftex.def)             Requested size: 475.45825pt x 286.07039pt.
<assets/academy_photo/privilegeEscalation/sudo_find.png, id=309, 615.80063pt x 
98.61844pt>
File: assets/academy_photo/privilegeEscalation/sudo_find.png Graphic file (type
 png)
<use assets/academy_photo/privilegeEscalation/sudo_find.png>
Package pdftex.def Info: assets/academy_photo/privilegeEscalation/sudo_find.png
  used on input line 603.
(pdftex.def)             Requested size: 475.45825pt x 76.14407pt.
 [20
pdfTeX warning (ext4): destination with the same identifier (name{figure.2.22})
 has been already used, duplicate ignored
<argument> ...shipout:D \box_use:N \l_shipout_box 
                                                  \__shipout_drop_firstpage_...
l.606 \end{figure}
                  
pdfTeX warning (ext4): destination with the same identifier (name{figure.2.23})
 has been already used, duplicate ignored
<argument> ...shipout:D \box_use:N \l_shipout_box 
                                                  \__shipout_drop_firstpage_...
l.606 \end{figure}
                   <./assets/academy_photo/exploitation/exploit_part_one_haclab
_psw.png> <./assets/academy_photo/exploitation/exploit_part_two_tohaclabs.png>]
<assets/academy_photo/privilegeEscalation/root_escalation.png, id=318, 615.8006
3pt x 36.135pt>
File: assets/academy_photo/privilegeEscalation/root_escalation.png Graphic file
 (type png)
<use assets/academy_photo/privilegeEscalation/root_escalation.png>
Package pdftex.def Info: assets/academy_photo/privilegeEscalation/root_escalati
on.png  used on input line 618.
(pdftex.def)             Requested size: 475.45825pt x 27.9001pt.
<assets/academy_photo/privilegeEscalation/flag3.png, id=319, 615.80063pt x 179.
92218pt>
File: assets/academy_photo/privilegeEscalation/flag3.png Graphic file (type png
)
<use assets/academy_photo/privilegeEscalation/flag3.png>
Package pdftex.def Info: assets/academy_photo/privilegeEscalation/flag3.png  us
ed on input line 627.
(pdftex.def)             Requested size: 475.45825pt x 138.91936pt.
[21
pdfTeX warning (ext4): destination with the same identifier (name{figure.2.24})
 has been already used, duplicate ignored
<argument> ...shipout:D \box_use:N \l_shipout_box 
                                                  \__shipout_drop_firstpage_...
l.634 	
       
pdfTeX warning (ext4): destination with the same identifier (name{figure.2.25})
 has been already used, duplicate ignored
<argument> ...shipout:D \box_use:N \l_shipout_box 
                                                  \__shipout_drop_firstpage_...
l.634 	
       
pdfTeX warning (ext4): destination with the same identifier (name{figure.2.26})
 has been already used, duplicate ignored
<argument> ...shipout:D \box_use:N \l_shipout_box 
                                                  \__shipout_drop_firstpage_...
l.634 	
        <./assets/academy_photo/privilegeEscalation/sudo_find.png> <./assets/ac
ademy_photo/privilegeEscalation/root_escalation.png> <./assets/academy_photo/pr
ivilegeEscalation/flag3.png>] [22]
Capitolo 3.

Overfull \hbox (26.13312pt too wide) in paragraph at lines 661--662
[]\T1/cmr/bx/n/10.95 Hardening del Web Serv-er: \T1/cmr/m/n/10.95 Im-ple-mentar
e le in-tes-tazioni HTTP di si-curez-za man-can-ti (\T1/cmtt/m/n/10.95 X-Frame-
Options\T1/cmr/m/n/10.95 ,
 []

[23

] [24


] 
enddocument/afterlastpage (AED): lastpage setting LastPage.
(./MetodologiePT.aux)
 ***********
LaTeX2e <2025-11-01>
L3 programming layer <2026-03-20>
 ***********
Package rerunfilecheck Info: File `MetodologiePT.out' has not changed.
(rerunfilecheck)             Checksum: 6F7ECDBF1421BCC97E64A08DDD5FD81E;5222.
 ) 
Here is how much of TeX's memory you used:
 27603 strings out of 469296
 535158 string characters out of 5465561
 968832 words of memory out of 6000000
 55848 multiletter control sequences out of 15000+600000
 645061 words of font info for 77 fonts, out of 8000000 for 9000
 36 hyphenation exceptions out of 8191
 94i,12n,108p,1121b,820s stack positions out of 10000i,1000n,20000p,200000b,200000s
</usr/share/texlive/texmf-dist/fonts/type1/public/amsfonts/symbols/msam10.pfb
></usr/share/texlive/texmf-dist/fonts/type1/public/cm-super/sfbx0900.pfb></usr/
share/texlive/texmf-dist/fonts/type1/public/cm-super/sfbx1095.pfb></usr/share/t
exlive/texmf-dist/fonts/type1/public/cm-super/sfbx1200.pfb></usr/share/texlive/
texmf-dist/fonts/type1/public/cm-super/sfbx1440.pfb></usr/share/texlive/texmf-d
ist/fonts/type1/public/cm-super/sfbx2074.pfb></usr/share/texlive/texmf-dist/fon
ts/type1/public/cm-super/sfbx2488.pfb></usr/share/texlive/texmf-dist/fonts/type
1/public/cm-super/sfrm1000.pfb></usr/share/texlive/texmf-dist/fonts/type1/publi
c/cm-super/sfrm1095.pfb></usr/share/texlive/texmf-dist/fonts/type1/public/cm-su
per/sfrm1200.pfb></usr/share/texlive/texmf-dist/fonts/type1/public/cm-super/sfr
m1440.pfb></usr/share/texlive/texmf-dist/fonts/type1/public/cm-super/sfti1095.p
fb></usr/share/texlive/texmf-dist/fonts/type1/public/cm-super/sfti1440.pfb></us
r/share/texlive/texmf-dist/fonts/type1/public/cm-super/sftt0900.pfb></usr/share
/texlive/texmf-dist/fonts/type1/public/cm-super/sftt1095.pfb></usr/share/texliv
e/texmf-dist/fonts/type1/public/cm-super/sftt1200.pfb>
Output written on MetodologiePT.pdf (25 pages, 1785205 bytes).
PDF statistics:
 452 PDF objects out of 1000 (max. 8388607)
 338 compressed objects within 4 object streams
 90 named destinations out of 1000 (max. 500000)
 340 words of extra memory for PDF output out of 10000 (max. 10000000)

